{"/Users/orioncorp/stock-easy-app/stock-easy-app/postcss.config.js": {"path":"/Users/orioncorp/stock-easy-app/stock-easy-app/postcss.config.js","all":true,"statementMap":{"0":{"start":{"line":1,"column":0},"end":{"line":1,"column":16}},"1":{"start":{"line":2,"column":0},"end":{"line":2,"column":12}},"2":{"start":{"line":3,"column":0},"end":{"line":3,"column":20}},"3":{"start":{"line":4,"column":0},"end":{"line":4,"column":21}},"4":{"start":{"line":5,"column":0},"end":{"line":5,"column":4}},"5":{"start":{"line":6,"column":0},"end":{"line":6,"column":1}}},"s":{"0":0,"1":0,"2":0,"3":0,"4":0,"5":0},"branchMap":{"0":{"type":"branch","line":1,"loc":{"start":{"line":1,"column":0},"end":{"line":6,"column":-11}},"locations":[{"start":{"line":1,"column":0},"end":{"line":6,"column":-11}}]}},"b":{"0":[0]},"fnMap":{"0":{"name":"(empty-report)","decl":{"start":{"line":1,"column":0},"end":{"line":6,"column":-11}},"loc":{"start":{"line":1,"column":0},"end":{"line":6,"column":-11}},"line":1}},"f":{"0":0}}
,"/Users/orioncorp/stock-easy-app/stock-easy-app/tailwind.config.js": {"path":"/Users/orioncorp/stock-easy-app/stock-easy-app/tailwind.config.js","all":true,"statementMap":{"0":{"start":{"line":1,"column":0},"end":{"line":1,"column":43}},"1":{"start":{"line":2,"column":0},"end":{"line":2,"column":16}},"2":{"start":{"line":3,"column":0},"end":{"line":3,"column":12}},"3":{"start":{"line":4,"column":0},"end":{"line":4,"column":19}},"4":{"start":{"line":5,"column":0},"end":{"line":5,"column":33}},"5":{"start":{"line":6,"column":0},"end":{"line":6,"column":4}},"6":{"start":{"line":7,"column":0},"end":{"line":7,"column":20}},"7":{"start":{"line":8,"column":0},"end":{"line":8,"column":10}},"8":{"start":{"line":9,"column":0},"end":{"line":9,"column":13}},"9":{"start":{"line":10,"column":0},"end":{"line":10,"column":15}},"10":{"start":{"line":11,"column":0},"end":{"line":11,"column":49}},"11":{"start":{"line":12,"column":0},"end":{"line":12,"column":18}},"12":{"start":{"line":13,"column":0},"end":{"line":13,"column":24}},"13":{"start":{"line":14,"column":0},"end":{"line":14,"column":25}},"14":{"start":{"line":15,"column":0},"end":{"line":15,"column":25}},"15":{"start":{"line":16,"column":0},"end":{"line":16,"column":25}},"16":{"start":{"line":17,"column":0},"end":{"line":17,"column":25}},"17":{"start":{"line":18,"column":0},"end":{"line":18,"column":25}},"18":{"start":{"line":19,"column":0},"end":{"line":19,"column":25}},"19":{"start":{"line":20,"column":0},"end":{"line":20,"column":25}},"20":{"start":{"line":21,"column":0},"end":{"line":21,"column":25}},"21":{"start":{"line":22,"column":0},"end":{"line":22,"column":25}},"22":{"start":{"line":23,"column":0},"end":{"line":23,"column":10}},"23":{"start":{"line":24,"column":0},"end":{"line":24,"column":28}},"24":{"start":{"line":25,"column":0},"end":{"line":25,"column":18}},"25":{"start":{"line":26,"column":0},"end":{"line":26,"column":24}},"26":{"start":{"line":27,"column":0},"end":{"line":27,"column":25}},"27":{"start":{"line":28,"column":0},"end":{"line":28,"column":25}},"28":{"start":{"line":29,"column":0},"end":{"line":29,"column":25}},"29":{"start":{"line":30,"column":0},"end":{"line":30,"column":25}},"30":{"start":{"line":31,"column":0},"end":{"line":31,"column":25}},"31":{"start":{"line":32,"column":0},"end":{"line":32,"column":25}},"32":{"start":{"line":33,"column":0},"end":{"line":33,"column":25}},"33":{"start":{"line":34,"column":0},"end":{"line":34,"column":25}},"34":{"start":{"line":35,"column":0},"end":{"line":35,"column":25}},"35":{"start":{"line":36,"column":0},"end":{"line":36,"column":10}},"36":{"start":{"line":37,"column":0},"end":{"line":37,"column":24}},"37":{"start":{"line":38,"column":0},"end":{"line":38,"column":17}},"38":{"start":{"line":39,"column":0},"end":{"line":39,"column":24}},"39":{"start":{"line":40,"column":0},"end":{"line":40,"column":25}},"40":{"start":{"line":41,"column":0},"end":{"line":41,"column":25}},"41":{"start":{"line":42,"column":0},"end":{"line":42,"column":25}},"42":{"start":{"line":43,"column":0},"end":{"line":43,"column":25}},"43":{"start":{"line":44,"column":0},"end":{"line":44,"column":25}},"44":{"start":{"line":45,"column":0},"end":{"line":45,"column":25}},"45":{"start":{"line":46,"column":0},"end":{"line":46,"column":25}},"46":{"start":{"line":47,"column":0},"end":{"line":47,"column":25}},"47":{"start":{"line":48,"column":0},"end":{"line":48,"column":25}},"48":{"start":{"line":49,"column":0},"end":{"line":49,"column":10}},"49":{"start":{"line":50,"column":0},"end":{"line":50,"column":26}},"50":{"start":{"line":51,"column":0},"end":{"line":51,"column":18}},"51":{"start":{"line":52,"column":0},"end":{"line":52,"column":24}},"52":{"start":{"line":53,"column":0},"end":{"line":53,"column":25}},"53":{"start":{"line":54,"column":0},"end":{"line":54,"column":25}},"54":{"start":{"line":55,"column":0},"end":{"line":55,"column":25}},"55":{"start":{"line":56,"column":0},"end":{"line":56,"column":25}},"56":{"start":{"line":57,"column":0},"end":{"line":57,"column":25}},"57":{"start":{"line":58,"column":0},"end":{"line":58,"column":25}},"58":{"start":{"line":59,"column":0},"end":{"line":59,"column":25}},"59":{"start":{"line":60,"column":0},"end":{"line":60,"column":25}},"60":{"start":{"line":61,"column":0},"end":{"line":61,"column":25}},"61":{"start":{"line":62,"column":0},"end":{"line":62,"column":10}},"62":{"start":{"line":63,"column":0},"end":{"line":63,"column":26}},"63":{"start":{"line":64,"column":0},"end":{"line":64,"column":18}},"64":{"start":{"line":65,"column":0},"end":{"line":65,"column":24}},"65":{"start":{"line":66,"column":0},"end":{"line":66,"column":25}},"66":{"start":{"line":67,"column":0},"end":{"line":67,"column":25}},"67":{"start":{"line":68,"column":0},"end":{"line":68,"column":25}},"68":{"start":{"line":69,"column":0},"end":{"line":69,"column":25}},"69":{"start":{"line":70,"column":0},"end":{"line":70,"column":25}},"70":{"start":{"line":71,"column":0},"end":{"line":71,"column":25}},"71":{"start":{"line":72,"column":0},"end":{"line":72,"column":25}},"72":{"start":{"line":73,"column":0},"end":{"line":73,"column":25}},"73":{"start":{"line":74,"column":0},"end":{"line":74,"column":25}},"74":{"start":{"line":75,"column":0},"end":{"line":75,"column":10}},"75":{"start":{"line":76,"column":0},"end":{"line":76,"column":8}},"76":{"start":{"line":77,"column":0},"end":{"line":77,"column":17}},"77":{"start":{"line":78,"column":0},"end":{"line":78,"column":50}},"78":{"start":{"line":79,"column":0},"end":{"line":79,"column":54}},"79":{"start":{"line":80,"column":0},"end":{"line":80,"column":51}},"80":{"start":{"line":81,"column":0},"end":{"line":81,"column":54}},"81":{"start":{"line":82,"column":0},"end":{"line":82,"column":53}},"82":{"start":{"line":83,"column":0},"end":{"line":83,"column":50}},"83":{"start":{"line":84,"column":0},"end":{"line":84,"column":55}},"84":{"start":{"line":85,"column":0},"end":{"line":85,"column":53}},"85":{"start":{"line":86,"column":0},"end":{"line":86,"column":45}},"86":{"start":{"line":87,"column":0},"end":{"line":87,"column":8}},"87":{"start":{"line":88,"column":0},"end":{"line":88,"column":16}},"88":{"start":{"line":89,"column":0},"end":{"line":89,"column":17}},"89":{"start":{"line":90,"column":0},"end":{"line":90,"column":23}},"90":{"start":{"line":91,"column":0},"end":{"line":91,"column":22}},"91":{"start":{"line":92,"column":0},"end":{"line":92,"column":23}},"92":{"start":{"line":93,"column":0},"end":{"line":93,"column":20}},"93":{"start":{"line":94,"column":0},"end":{"line":94,"column":23}},"94":{"start":{"line":95,"column":0},"end":{"line":95,"column":22}},"95":{"start":{"line":96,"column":0},"end":{"line":96,"column":20}},"96":{"start":{"line":97,"column":0},"end":{"line":97,"column":23}},"97":{"start":{"line":98,"column":0},"end":{"line":98,"column":21}},"98":{"start":{"line":99,"column":0},"end":{"line":99,"column":21}},"99":{"start":{"line":100,"column":0},"end":{"line":100,"column":21}},"100":{"start":{"line":101,"column":0},"end":{"line":101,"column":21}},"101":{"start":{"line":102,"column":0},"end":{"line":102,"column":8}},"102":{"start":{"line":103,"column":0},"end":{"line":103,"column":21}},"103":{"start":{"line":104,"column":0},"end":{"line":104,"column":24}},"104":{"start":{"line":105,"column":0},"end":{"line":105,"column":28}},"105":{"start":{"line":106,"column":0},"end":{"line":106,"column":24}},"106":{"start":{"line":107,"column":0},"end":{"line":107,"column":21}},"107":{"start":{"line":108,"column":0},"end":{"line":108,"column":23}},"108":{"start":{"line":109,"column":0},"end":{"line":109,"column":22}},"109":{"start":{"line":110,"column":0},"end":{"line":110,"column":8}},"110":{"start":{"line":111,"column":0},"end":{"line":111,"column":18}},"111":{"start":{"line":112,"column":0},"end":{"line":112,"column":48}},"112":{"start":{"line":113,"column":0},"end":{"line":113,"column":87}},"113":{"start":{"line":114,"column":0},"end":{"line":114,"column":85}},"114":{"start":{"line":115,"column":0},"end":{"line":115,"column":87}},"115":{"start":{"line":116,"column":0},"end":{"line":116,"column":88}},"116":{"start":{"line":117,"column":0},"end":{"line":117,"column":55}},"117":{"start":{"line":118,"column":0},"end":{"line":118,"column":8}},"118":{"start":{"line":119,"column":0},"end":{"line":119,"column":18}},"119":{"start":{"line":120,"column":0},"end":{"line":120,"column":47}},"120":{"start":{"line":121,"column":0},"end":{"line":121,"column":71}},"121":{"start":{"line":122,"column":0},"end":{"line":122,"column":45}},"122":{"start":{"line":123,"column":0},"end":{"line":123,"column":44}},"123":{"start":{"line":124,"column":0},"end":{"line":124,"column":48}},"124":{"start":{"line":125,"column":0},"end":{"line":125,"column":8}},"125":{"start":{"line":126,"column":0},"end":{"line":126,"column":18}},"126":{"start":{"line":127,"column":0},"end":{"line":127,"column":17}},"127":{"start":{"line":128,"column":0},"end":{"line":128,"column":33}},"128":{"start":{"line":129,"column":0},"end":{"line":129,"column":35}},"129":{"start":{"line":130,"column":0},"end":{"line":130,"column":10}},"130":{"start":{"line":131,"column":0},"end":{"line":131,"column":18}},"131":{"start":{"line":132,"column":0},"end":{"line":132,"column":64}},"132":{"start":{"line":133,"column":0},"end":{"line":133,"column":63}},"133":{"start":{"line":134,"column":0},"end":{"line":134,"column":10}},"134":{"start":{"line":135,"column":0},"end":{"line":135,"column":20}},"135":{"start":{"line":136,"column":0},"end":{"line":136,"column":65}},"136":{"start":{"line":137,"column":0},"end":{"line":137,"column":63}},"137":{"start":{"line":138,"column":0},"end":{"line":138,"column":10}},"138":{"start":{"line":139,"column":0},"end":{"line":139,"column":8}},"139":{"start":{"line":140,"column":0},"end":{"line":140,"column":6}},"140":{"start":{"line":141,"column":0},"end":{"line":141,"column":4}},"141":{"start":{"line":142,"column":0},"end":{"line":142,"column":14}},"142":{"start":{"line":143,"column":0},"end":{"line":143,"column":1}}},"s":{"0":0,"1":0,"2":0,"3":0,"4":0,"5":0,"6":0,"7":0,"8":0,"9":0,"10":0,"11":0,"12":0,"13":0,"14":0,"15":0,"16":0,"17":0,"18":0,"19":0,"20":0,"21":0,"22":0,"23":0,"24":0,"25":0,"26":0,"27":0,"28":0,"29":0,"30":0,"31":0,"32":0,"33":0,"34":0,"35":0,"36":0,"37":0,"38":0,"39":0,"40":0,"41":0,"42":0,"43":0,"44":0,"45":0,"46":0,"47":0,"48":0,"49":0,"50":0,"51":0,"52":0,"53":0,"54":0,"55":0,"56":0,"57":0,"58":0,"59":0,"60":0,"61":0,"62":0,"63":0,"64":0,"65":0,"66":0,"67":0,"68":0,"69":0,"70":0,"71":0,"72":0,"73":0,"74":0,"75":0,"76":0,"77":0,"78":0,"79":0,"80":0,"81":0,"82":0,"83":0,"84":0,"85":0,"86":0,"87":0,"88":0,"89":0,"90":0,"91":0,"92":0,"93":0,"94":0,"95":0,"96":0,"97":0,"98":0,"99":0,"100":0,"101":0,"102":0,"103":0,"104":0,"105":0,"106":0,"107":0,"108":0,"109":0,"110":0,"111":0,"112":0,"113":0,"114":0,"115":0,"116":0,"117":0,"118":0,"119":0,"120":0,"121":0,"122":0,"123":0,"124":0,"125":0,"126":0,"127":0,"128":0,"129":0,"130":0,"131":0,"132":0,"133":0,"134":0,"135":0,"136":0,"137":0,"138":0,"139":0,"140":0,"141":0,"142":0},"branchMap":{"0":{"type":"branch","line":1,"loc":{"start":{"line":1,"column":0},"end":{"line":143,"column":-13}},"locations":[{"start":{"line":1,"column":0},"end":{"line":143,"column":-13}}]}},"b":{"0":[0]},"fnMap":{"0":{"name":"(empty-report)","decl":{"start":{"line":1,"column":0},"end":{"line":143,"column":-13}},"loc":{"start":{"line":1,"column":0},"end":{"line":143,"column":-13}},"line":1}},"f":{"0":0}}
,"/Users/orioncorp/stock-easy-app/stock-easy-app/src/StockEasy.jsx": {"path":"/Users/orioncorp/stock-easy-app/stock-easy-app/src/StockEasy.jsx","all":true,"statementMap":{"0":{"start":{"line":1,"column":0},"end":{"line":1,"column":60}},"1":{"start":{"line":2,"column":0},"end":{"line":2,"column":251}},"2":{"start":{"line":3,"column":0},"end":{"line":3,"column":40}},"3":{"start":{"line":4,"column":0},"end":{"line":4,"column":56}},"4":{"start":{"line":5,"column":0},"end":{"line":5,"column":39}},"5":{"start":{"line":6,"column":0},"end":{"line":6,"column":40}},"6":{"start":{"line":7,"column":0},"end":{"line":7,"column":68}},"7":{"start":{"line":8,"column":0},"end":{"line":8,"column":54}},"8":{"start":{"line":9,"column":0},"end":{"line":9,"column":46}},"9":{"start":{"line":10,"column":0},"end":{"line":10,"column":56}},"10":{"start":{"line":11,"column":0},"end":{"line":11,"column":76}},"11":{"start":{"line":12,"column":0},"end":{"line":12,"column":80}},"12":{"start":{"line":13,"column":0},"end":{"line":13,"column":68}},"13":{"start":{"line":14,"column":0},"end":{"line":14,"column":80}},"14":{"start":{"line":15,"column":0},"end":{"line":15,"column":84}},"15":{"start":{"line":16,"column":0},"end":{"line":16,"column":78}},"26":{"start":{"line":27,"column":0},"end":{"line":27,"column":18}},"27":{"start":{"line":28,"column":0},"end":{"line":28,"column":23}},"28":{"start":{"line":29,"column":0},"end":{"line":29,"column":15}},"29":{"start":{"line":30,"column":0},"end":{"line":30,"column":12}},"30":{"start":{"line":31,"column":0},"end":{"line":31,"column":18}},"31":{"start":{"line":32,"column":0},"end":{"line":32,"column":13}},"32":{"start":{"line":33,"column":0},"end":{"line":33,"column":18}},"33":{"start":{"line":34,"column":0},"end":{"line":34,"column":11}},"34":{"start":{"line":35,"column":0},"end":{"line":35,"column":7}},"35":{"start":{"line":36,"column":0},"end":{"line":36,"column":198}},"37":{"start":{"line":38,"column":0},"end":{"line":38,"column":20}},"38":{"start":{"line":39,"column":0},"end":{"line":39,"column":81}},"39":{"start":{"line":40,"column":0},"end":{"line":40,"column":85}},"40":{"start":{"line":41,"column":0},"end":{"line":41,"column":74}},"41":{"start":{"line":42,"column":0},"end":{"line":42,"column":86}},"42":{"start":{"line":43,"column":0},"end":{"line":43,"column":89}},"43":{"start":{"line":44,"column":0},"end":{"line":44,"column":107}},"44":{"start":{"line":45,"column":0},"end":{"line":45,"column":4}},"46":{"start":{"line":47,"column":0},"end":{"line":47,"column":17}},"47":{"start":{"line":48,"column":0},"end":{"line":48,"column":41}},"48":{"start":{"line":49,"column":0},"end":{"line":49,"column":41}},"49":{"start":{"line":50,"column":0},"end":{"line":50,"column":41}},"50":{"start":{"line":51,"column":0},"end":{"line":51,"column":4}},"52":{"start":{"line":53,"column":0},"end":{"line":53,"column":10}},"53":{"start":{"line":54,"column":0},"end":{"line":54,"column":11}},"54":{"start":{"line":55,"column":0},"end":{"line":55,"column":82}},"55":{"start":{"line":56,"column":0},"end":{"line":56,"column":24}},"56":{"start":{"line":57,"column":0},"end":{"line":57,"column":16}},"58":{"start":{"line":59,"column":0},"end":{"line":59,"column":121}},"59":{"start":{"line":60,"column":0},"end":{"line":60,"column":16}},"60":{"start":{"line":61,"column":0},"end":{"line":61,"column":13}},"62":{"start":{"line":63,"column":0},"end":{"line":63,"column":2}},"73":{"start":{"line":74,"column":0},"end":{"line":74,"column":42}},"74":{"start":{"line":75,"column":0},"end":{"line":75,"column":17}},"75":{"start":{"line":76,"column":0},"end":{"line":76,"column":59}},"76":{"start":{"line":77,"column":0},"end":{"line":77,"column":16}},"77":{"start":{"line":78,"column":0},"end":{"line":78,"column":3}},"79":{"start":{"line":80,"column":0},"end":{"line":80,"column":7}},"80":{"start":{"line":81,"column":0},"end":{"line":81,"column":35}},"83":{"start":{"line":84,"column":0},"end":{"line":84,"column":32}},"84":{"start":{"line":85,"column":0},"end":{"line":85,"column":68}},"85":{"start":{"line":86,"column":0},"end":{"line":86,"column":29}},"86":{"start":{"line":87,"column":0},"end":{"line":87,"column":5}},"88":{"start":{"line":89,"column":0},"end":{"line":89,"column":45}},"89":{"start":{"line":90,"column":0},"end":{"line":90,"column":21}},"90":{"start":{"line":91,"column":0},"end":{"line":91,"column":20}},"91":{"start":{"line":92,"column":0},"end":{"line":92,"column":21}},"92":{"start":{"line":93,"column":0},"end":{"line":93,"column":7}},"93":{"start":{"line":94,"column":0},"end":{"line":94,"column":19}},"94":{"start":{"line":95,"column":0},"end":{"line":95,"column":75}},"95":{"start":{"line":96,"column":0},"end":{"line":96,"column":28}},"96":{"start":{"line":97,"column":0},"end":{"line":97,"column":3}},"97":{"start":{"line":98,"column":0},"end":{"line":98,"column":2}},"128":{"start":{"line":129,"column":0},"end":{"line":129,"column":51}},"130":{"start":{"line":131,"column":0},"end":{"line":131,"column":102}},"133":{"start":{"line":134,"column":0},"end":{"line":134,"column":106}},"134":{"start":{"line":135,"column":0},"end":{"line":135,"column":34}},"135":{"start":{"line":136,"column":0},"end":{"line":136,"column":45}},"137":{"start":{"line":138,"column":0},"end":{"line":138,"column":31}},"138":{"start":{"line":139,"column":0},"end":{"line":139,"column":29}},"141":{"start":{"line":142,"column":0},"end":{"line":142,"column":36}},"143":{"start":{"line":144,"column":0},"end":{"line":144,"column":28}},"144":{"start":{"line":145,"column":0},"end":{"line":145,"column":85}},"145":{"start":{"line":146,"column":0},"end":{"line":146,"column":49}},"147":{"start":{"line":148,"column":0},"end":{"line":148,"column":29}},"148":{"start":{"line":149,"column":0},"end":{"line":149,"column":72}},"149":{"start":{"line":150,"column":0},"end":{"line":150,"column":41}},"150":{"start":{"line":151,"column":0},"end":{"line":151,"column":10}},"152":{"start":{"line":153,"column":0},"end":{"line":153,"column":29}},"153":{"start":{"line":154,"column":0},"end":{"line":154,"column":108}},"154":{"start":{"line":155,"column":0},"end":{"line":155,"column":3}},"157":{"start":{"line":158,"column":0},"end":{"line":158,"column":52}},"159":{"start":{"line":160,"column":0},"end":{"line":160,"column":10}},"160":{"start":{"line":161,"column":0},"end":{"line":161,"column":15}},"161":{"start":{"line":162,"column":0},"end":{"line":162,"column":16}},"162":{"start":{"line":163,"column":0},"end":{"line":163,"column":18}},"163":{"start":{"line":164,"column":0},"end":{"line":164,"column":17}},"164":{"start":{"line":165,"column":0},"end":{"line":165,"column":51}},"165":{"start":{"line":166,"column":0},"end":{"line":166,"column":19}},"166":{"start":{"line":167,"column":0},"end":{"line":167,"column":4}},"167":{"start":{"line":168,"column":0},"end":{"line":168,"column":2}},"172":{"start":{"line":173,"column":0},"end":{"line":173,"column":25}},"173":{"start":{"line":174,"column":0},"end":{"line":174,"column":47}},"174":{"start":{"line":175,"column":0},"end":{"line":175,"column":48}},"175":{"start":{"line":176,"column":0},"end":{"line":176,"column":47}},"176":{"start":{"line":177,"column":0},"end":{"line":177,"column":49}},"177":{"start":{"line":178,"column":0},"end":{"line":178,"column":43}},"178":{"start":{"line":179,"column":0},"end":{"line":179,"column":51}},"179":{"start":{"line":180,"column":0},"end":{"line":180,"column":58}},"180":{"start":{"line":181,"column":0},"end":{"line":181,"column":78}},"181":{"start":{"line":182,"column":0},"end":{"line":182,"column":50}},"182":{"start":{"line":183,"column":0},"end":{"line":183,"column":62}},"185":{"start":{"line":186,"column":0},"end":{"line":186,"column":19}},"186":{"start":{"line":187,"column":0},"end":{"line":187,"column":19}},"187":{"start":{"line":188,"column":0},"end":{"line":188,"column":53}},"188":{"start":{"line":189,"column":0},"end":{"line":189,"column":12}},"189":{"start":{"line":190,"column":0},"end":{"line":190,"column":56}},"190":{"start":{"line":191,"column":0},"end":{"line":191,"column":5}},"191":{"start":{"line":192,"column":0},"end":{"line":192,"column":17}},"192":{"start":{"line":193,"column":0},"end":{"line":193,"column":65}},"193":{"start":{"line":194,"column":0},"end":{"line":194,"column":68}},"194":{"start":{"line":195,"column":0},"end":{"line":195,"column":70}},"195":{"start":{"line":196,"column":0},"end":{"line":196,"column":65}},"196":{"start":{"line":197,"column":0},"end":{"line":197,"column":61}},"197":{"start":{"line":198,"column":0},"end":{"line":198,"column":57}},"198":{"start":{"line":199,"column":0},"end":{"line":199,"column":59}},"199":{"start":{"line":200,"column":0},"end":{"line":200,"column":80}},"200":{"start":{"line":201,"column":0},"end":{"line":201,"column":71}},"201":{"start":{"line":202,"column":0},"end":{"line":202,"column":52}},"202":{"start":{"line":203,"column":0},"end":{"line":203,"column":60}},"203":{"start":{"line":204,"column":0},"end":{"line":204,"column":63}},"204":{"start":{"line":205,"column":0},"end":{"line":205,"column":59}},"205":{"start":{"line":206,"column":0},"end":{"line":206,"column":74}},"206":{"start":{"line":207,"column":0},"end":{"line":207,"column":63}},"207":{"start":{"line":208,"column":0},"end":{"line":208,"column":64}},"208":{"start":{"line":209,"column":0},"end":{"line":209,"column":53}},"209":{"start":{"line":210,"column":0},"end":{"line":210,"column":53}},"211":{"start":{"line":212,"column":0},"end":{"line":212,"column":94}},"212":{"start":{"line":213,"column":0},"end":{"line":213,"column":83}},"213":{"start":{"line":214,"column":0},"end":{"line":214,"column":69}},"214":{"start":{"line":215,"column":0},"end":{"line":215,"column":84}},"215":{"start":{"line":216,"column":0},"end":{"line":216,"column":77}},"216":{"start":{"line":217,"column":0},"end":{"line":217,"column":79}},"219":{"start":{"line":220,"column":0},"end":{"line":220,"column":119}},"222":{"start":{"line":223,"column":0},"end":{"line":223,"column":63}},"223":{"start":{"line":224,"column":0},"end":{"line":224,"column":77}},"224":{"start":{"line":225,"column":0},"end":{"line":225,"column":70}},"227":{"start":{"line":228,"column":0},"end":{"line":228,"column":61}},"230":{"start":{"line":231,"column":0},"end":{"line":231,"column":59}},"233":{"start":{"line":234,"column":0},"end":{"line":234,"column":71}},"234":{"start":{"line":235,"column":0},"end":{"line":235,"column":58}},"235":{"start":{"line":236,"column":0},"end":{"line":236,"column":72}},"238":{"start":{"line":239,"column":0},"end":{"line":239,"column":68}},"239":{"start":{"line":240,"column":0},"end":{"line":240,"column":63}},"240":{"start":{"line":241,"column":0},"end":{"line":241,"column":60}},"241":{"start":{"line":242,"column":0},"end":{"line":242,"column":13}},"242":{"start":{"line":243,"column":0},"end":{"line":243,"column":14}},"243":{"start":{"line":244,"column":0},"end":{"line":244,"column":21}},"244":{"start":{"line":245,"column":0},"end":{"line":245,"column":12}},"245":{"start":{"line":246,"column":0},"end":{"line":246,"column":13}},"246":{"start":{"line":247,"column":0},"end":{"line":247,"column":5}},"249":{"start":{"line":250,"column":0},"end":{"line":250,"column":80}},"250":{"start":{"line":251,"column":0},"end":{"line":251,"column":57}},"251":{"start":{"line":252,"column":0},"end":{"line":252,"column":83}},"253":{"start":{"line":254,"column":0},"end":{"line":254,"column":19}},"254":{"start":{"line":255,"column":0},"end":{"line":255,"column":15}},"255":{"start":{"line":256,"column":0},"end":{"line":256,"column":40}},"256":{"start":{"line":257,"column":0},"end":{"line":257,"column":17}},"257":{"start":{"line":258,"column":0},"end":{"line":258,"column":22}},"258":{"start":{"line":259,"column":0},"end":{"line":259,"column":41}},"259":{"start":{"line":260,"column":0},"end":{"line":260,"column":9}},"261":{"start":{"line":262,"column":0},"end":{"line":262,"column":32}},"262":{"start":{"line":263,"column":0},"end":{"line":263,"column":9}},"263":{"start":{"line":264,"column":0},"end":{"line":264,"column":23}},"264":{"start":{"line":265,"column":0},"end":{"line":265,"column":42}},"266":{"start":{"line":267,"column":0},"end":{"line":267,"column":30}},"267":{"start":{"line":268,"column":0},"end":{"line":268,"column":35}},"268":{"start":{"line":269,"column":0},"end":{"line":269,"column":33}},"269":{"start":{"line":270,"column":0},"end":{"line":270,"column":9}},"271":{"start":{"line":272,"column":0},"end":{"line":272,"column":33}},"272":{"start":{"line":273,"column":0},"end":{"line":273,"column":33}},"273":{"start":{"line":274,"column":0},"end":{"line":274,"column":29}},"276":{"start":{"line":277,"column":0},"end":{"line":277,"column":60}},"277":{"start":{"line":278,"column":0},"end":{"line":278,"column":17}},"278":{"start":{"line":279,"column":0},"end":{"line":279,"column":35}},"279":{"start":{"line":280,"column":0},"end":{"line":280,"column":30}},"280":{"start":{"line":281,"column":0},"end":{"line":281,"column":11}},"283":{"start":{"line":284,"column":0},"end":{"line":284,"column":28}},"284":{"start":{"line":285,"column":0},"end":{"line":285,"column":39}},"285":{"start":{"line":286,"column":0},"end":{"line":286,"column":76}},"286":{"start":{"line":287,"column":0},"end":{"line":287,"column":63}},"287":{"start":{"line":288,"column":0},"end":{"line":288,"column":77}},"288":{"start":{"line":289,"column":0},"end":{"line":289,"column":14}},"290":{"start":{"line":291,"column":0},"end":{"line":291,"column":13}},"291":{"start":{"line":292,"column":0},"end":{"line":292,"column":79}},"292":{"start":{"line":293,"column":0},"end":{"line":293,"column":84}},"293":{"start":{"line":294,"column":0},"end":{"line":294,"column":55}},"294":{"start":{"line":295,"column":0},"end":{"line":295,"column":23}},"295":{"start":{"line":296,"column":0},"end":{"line":296,"column":89}},"296":{"start":{"line":297,"column":0},"end":{"line":297,"column":9}},"297":{"start":{"line":298,"column":0},"end":{"line":298,"column":7}},"299":{"start":{"line":300,"column":0},"end":{"line":300,"column":61}},"300":{"start":{"line":301,"column":0},"end":{"line":301,"column":21}},"301":{"start":{"line":302,"column":0},"end":{"line":302,"column":59}},"302":{"start":{"line":303,"column":0},"end":{"line":303,"column":83}},"303":{"start":{"line":304,"column":0},"end":{"line":304,"column":82}},"304":{"start":{"line":305,"column":0},"end":{"line":305,"column":19}},"305":{"start":{"line":306,"column":0},"end":{"line":306,"column":31}},"306":{"start":{"line":307,"column":0},"end":{"line":307,"column":37}},"307":{"start":{"line":308,"column":0},"end":{"line":308,"column":12}},"308":{"start":{"line":309,"column":0},"end":{"line":309,"column":28}},"309":{"start":{"line":310,"column":0},"end":{"line":310,"column":11}},"310":{"start":{"line":311,"column":0},"end":{"line":311,"column":14}},"311":{"start":{"line":312,"column":0},"end":{"line":312,"column":83}},"312":{"start":{"line":313,"column":0},"end":{"line":313,"column":7}},"313":{"start":{"line":314,"column":0},"end":{"line":314,"column":15}},"314":{"start":{"line":315,"column":0},"end":{"line":315,"column":24}},"315":{"start":{"line":316,"column":0},"end":{"line":316,"column":5}},"316":{"start":{"line":317,"column":0},"end":{"line":317,"column":4}},"318":{"start":{"line":319,"column":0},"end":{"line":319,"column":32}},"319":{"start":{"line":320,"column":0},"end":{"line":320,"column":9}},"320":{"start":{"line":321,"column":0},"end":{"line":321,"column":23}},"321":{"start":{"line":322,"column":0},"end":{"line":322,"column":23}},"322":{"start":{"line":323,"column":0},"end":{"line":323,"column":50}},"323":{"start":{"line":324,"column":0},"end":{"line":324,"column":21}},"324":{"start":{"line":325,"column":0},"end":{"line":325,"column":67}},"325":{"start":{"line":326,"column":0},"end":{"line":326,"column":15}},"326":{"start":{"line":327,"column":0},"end":{"line":327,"column":24}},"327":{"start":{"line":328,"column":0},"end":{"line":328,"column":5}},"328":{"start":{"line":329,"column":0},"end":{"line":329,"column":4}},"334":{"start":{"line":335,"column":0},"end":{"line":335,"column":57}},"335":{"start":{"line":336,"column":0},"end":{"line":336,"column":9}},"336":{"start":{"line":337,"column":0},"end":{"line":337,"column":66}},"337":{"start":{"line":338,"column":0},"end":{"line":338,"column":40}},"338":{"start":{"line":339,"column":0},"end":{"line":339,"column":64}},"339":{"start":{"line":340,"column":0},"end":{"line":340,"column":18}},"340":{"start":{"line":341,"column":0},"end":{"line":341,"column":21}},"341":{"start":{"line":342,"column":0},"end":{"line":342,"column":58}},"342":{"start":{"line":343,"column":0},"end":{"line":343,"column":83}},"343":{"start":{"line":344,"column":0},"end":{"line":344,"column":82}},"344":{"start":{"line":345,"column":0},"end":{"line":345,"column":19}},"345":{"start":{"line":346,"column":0},"end":{"line":346,"column":31}},"346":{"start":{"line":347,"column":0},"end":{"line":347,"column":62}},"347":{"start":{"line":348,"column":0},"end":{"line":348,"column":11}},"348":{"start":{"line":349,"column":0},"end":{"line":349,"column":11}},"349":{"start":{"line":350,"column":0},"end":{"line":350,"column":112}},"350":{"start":{"line":351,"column":0},"end":{"line":351,"column":116}},"351":{"start":{"line":352,"column":0},"end":{"line":352,"column":107}},"352":{"start":{"line":353,"column":0},"end":{"line":353,"column":25}},"353":{"start":{"line":354,"column":0},"end":{"line":354,"column":11}},"354":{"start":{"line":355,"column":0},"end":{"line":355,"column":14}},"355":{"start":{"line":356,"column":0},"end":{"line":356,"column":70}},"356":{"start":{"line":357,"column":0},"end":{"line":357,"column":7}},"357":{"start":{"line":358,"column":0},"end":{"line":358,"column":18}},"358":{"start":{"line":359,"column":0},"end":{"line":359,"column":5}},"359":{"start":{"line":360,"column":0},"end":{"line":360,"column":4}},"361":{"start":{"line":362,"column":0},"end":{"line":362,"column":51}},"362":{"start":{"line":363,"column":0},"end":{"line":363,"column":9}},"363":{"start":{"line":364,"column":0},"end":{"line":364,"column":59}},"364":{"start":{"line":365,"column":0},"end":{"line":365,"column":33}},"365":{"start":{"line":366,"column":0},"end":{"line":366,"column":57}},"366":{"start":{"line":367,"column":0},"end":{"line":367,"column":18}},"367":{"start":{"line":368,"column":0},"end":{"line":368,"column":21}},"368":{"start":{"line":369,"column":0},"end":{"line":369,"column":59}},"369":{"start":{"line":370,"column":0},"end":{"line":370,"column":105}},"370":{"start":{"line":371,"column":0},"end":{"line":371,"column":116}},"371":{"start":{"line":372,"column":0},"end":{"line":372,"column":107}},"372":{"start":{"line":373,"column":0},"end":{"line":373,"column":25}},"373":{"start":{"line":374,"column":0},"end":{"line":374,"column":11}},"374":{"start":{"line":375,"column":0},"end":{"line":375,"column":14}},"375":{"start":{"line":376,"column":0},"end":{"line":376,"column":83}},"376":{"start":{"line":377,"column":0},"end":{"line":377,"column":7}},"377":{"start":{"line":378,"column":0},"end":{"line":378,"column":18}},"378":{"start":{"line":379,"column":0},"end":{"line":379,"column":5}},"379":{"start":{"line":380,"column":0},"end":{"line":380,"column":4}},"381":{"start":{"line":382,"column":0},"end":{"line":382,"column":58}},"382":{"start":{"line":383,"column":0},"end":{"line":383,"column":9}},"383":{"start":{"line":384,"column":0},"end":{"line":384,"column":66}},"384":{"start":{"line":385,"column":0},"end":{"line":385,"column":40}},"385":{"start":{"line":386,"column":0},"end":{"line":386,"column":63}},"386":{"start":{"line":387,"column":0},"end":{"line":387,"column":18}},"387":{"start":{"line":388,"column":0},"end":{"line":388,"column":21}},"388":{"start":{"line":389,"column":0},"end":{"line":389,"column":67}},"389":{"start":{"line":390,"column":0},"end":{"line":390,"column":105}},"390":{"start":{"line":391,"column":0},"end":{"line":391,"column":116}},"391":{"start":{"line":392,"column":0},"end":{"line":392,"column":107}},"392":{"start":{"line":393,"column":0},"end":{"line":393,"column":25}},"393":{"start":{"line":394,"column":0},"end":{"line":394,"column":11}},"394":{"start":{"line":395,"column":0},"end":{"line":395,"column":14}},"395":{"start":{"line":396,"column":0},"end":{"line":396,"column":88}},"396":{"start":{"line":397,"column":0},"end":{"line":397,"column":7}},"397":{"start":{"line":398,"column":0},"end":{"line":398,"column":18}},"398":{"start":{"line":399,"column":0},"end":{"line":399,"column":5}},"399":{"start":{"line":400,"column":0},"end":{"line":400,"column":4}},"405":{"start":{"line":406,"column":0},"end":{"line":406,"column":56}},"406":{"start":{"line":407,"column":0},"end":{"line":407,"column":19}},"408":{"start":{"line":409,"column":0},"end":{"line":409,"column":35}},"409":{"start":{"line":410,"column":0},"end":{"line":410,"column":27}},"410":{"start":{"line":411,"column":0},"end":{"line":411,"column":28}},"411":{"start":{"line":412,"column":0},"end":{"line":412,"column":30}},"412":{"start":{"line":413,"column":0},"end":{"line":413,"column":44}},"413":{"start":{"line":414,"column":0},"end":{"line":414,"column":32}},"414":{"start":{"line":415,"column":0},"end":{"line":415,"column":35}},"415":{"start":{"line":416,"column":0},"end":{"line":416,"column":9}},"416":{"start":{"line":417,"column":0},"end":{"line":417,"column":12}},"418":{"start":{"line":419,"column":0},"end":{"line":419,"column":31}},"419":{"start":{"line":420,"column":0},"end":{"line":420,"column":27}},"420":{"start":{"line":421,"column":0},"end":{"line":421,"column":17}},"421":{"start":{"line":422,"column":0},"end":{"line":422,"column":18}},"422":{"start":{"line":423,"column":0},"end":{"line":423,"column":25}},"423":{"start":{"line":424,"column":0},"end":{"line":424,"column":16}},"424":{"start":{"line":425,"column":0},"end":{"line":425,"column":17}},"425":{"start":{"line":426,"column":0},"end":{"line":426,"column":9}},"426":{"start":{"line":427,"column":0},"end":{"line":427,"column":5}},"427":{"start":{"line":428,"column":0},"end":{"line":428,"column":31}},"428":{"start":{"line":429,"column":0},"end":{"line":429,"column":4}},"430":{"start":{"line":431,"column":0},"end":{"line":431,"column":42}},"431":{"start":{"line":432,"column":0},"end":{"line":432,"column":32}},"432":{"start":{"line":433,"column":0},"end":{"line":433,"column":29}},"433":{"start":{"line":434,"column":0},"end":{"line":434,"column":25}},"434":{"start":{"line":435,"column":0},"end":{"line":435,"column":15}},"435":{"start":{"line":436,"column":0},"end":{"line":436,"column":16}},"436":{"start":{"line":437,"column":0},"end":{"line":437,"column":23}},"437":{"start":{"line":438,"column":0},"end":{"line":438,"column":14}},"438":{"start":{"line":439,"column":0},"end":{"line":439,"column":15}},"439":{"start":{"line":440,"column":0},"end":{"line":440,"column":7}},"440":{"start":{"line":441,"column":0},"end":{"line":441,"column":4}},"442":{"start":{"line":443,"column":0},"end":{"line":443,"column":54}},"443":{"start":{"line":444,"column":0},"end":{"line":444,"column":34}},"444":{"start":{"line":445,"column":0},"end":{"line":445,"column":14}},"445":{"start":{"line":446,"column":0},"end":{"line":446,"column":20}},"446":{"start":{"line":447,"column":0},"end":{"line":447,"column":8}},"447":{"start":{"line":448,"column":0},"end":{"line":448,"column":4}},"449":{"start":{"line":450,"column":0},"end":{"line":450,"column":38}},"450":{"start":{"line":451,"column":0},"end":{"line":451,"column":22}},"452":{"start":{"line":453,"column":0},"end":{"line":453,"column":40}},"453":{"start":{"line":454,"column":0},"end":{"line":454,"column":59}},"454":{"start":{"line":455,"column":0},"end":{"line":455,"column":5}},"456":{"start":{"line":457,"column":0},"end":{"line":457,"column":41}},"457":{"start":{"line":458,"column":0},"end":{"line":458,"column":46}},"458":{"start":{"line":459,"column":0},"end":{"line":459,"column":76}},"459":{"start":{"line":460,"column":0},"end":{"line":460,"column":48}},"460":{"start":{"line":461,"column":0},"end":{"line":461,"column":5}},"462":{"start":{"line":463,"column":0},"end":{"line":463,"column":45}},"463":{"start":{"line":464,"column":0},"end":{"line":464,"column":54}},"464":{"start":{"line":465,"column":0},"end":{"line":465,"column":5}},"466":{"start":{"line":467,"column":0},"end":{"line":467,"column":36}},"467":{"start":{"line":468,"column":0},"end":{"line":468,"column":52}},"468":{"start":{"line":469,"column":0},"end":{"line":469,"column":5}},"471":{"start":{"line":472,"column":0},"end":{"line":472,"column":27}},"472":{"start":{"line":473,"column":0},"end":{"line":473,"column":61}},"473":{"start":{"line":474,"column":0},"end":{"line":474,"column":73}},"474":{"start":{"line":475,"column":0},"end":{"line":475,"column":8}},"475":{"start":{"line":476,"column":0},"end":{"line":476,"column":29}},"476":{"start":{"line":477,"column":0},"end":{"line":477,"column":62}},"477":{"start":{"line":478,"column":0},"end":{"line":478,"column":7}},"478":{"start":{"line":479,"column":0},"end":{"line":479,"column":5}},"480":{"start":{"line":481,"column":0},"end":{"line":481,"column":18}},"481":{"start":{"line":482,"column":0},"end":{"line":482,"column":4}},"483":{"start":{"line":484,"column":0},"end":{"line":484,"column":42}},"484":{"start":{"line":485,"column":0},"end":{"line":485,"column":42}},"486":{"start":{"line":487,"column":0},"end":{"line":487,"column":28}},"487":{"start":{"line":488,"column":0},"end":{"line":488,"column":52}},"488":{"start":{"line":489,"column":0},"end":{"line":489,"column":13}},"489":{"start":{"line":490,"column":0},"end":{"line":490,"column":5}},"491":{"start":{"line":492,"column":0},"end":{"line":492,"column":9}},"492":{"start":{"line":493,"column":0},"end":{"line":493,"column":28}},"494":{"start":{"line":495,"column":0},"end":{"line":495,"column":73}},"495":{"start":{"line":496,"column":0},"end":{"line":496,"column":48}},"496":{"start":{"line":497,"column":0},"end":{"line":497,"column":14}},"498":{"start":{"line":499,"column":0},"end":{"line":499,"column":51}},"499":{"start":{"line":500,"column":0},"end":{"line":500,"column":42}},"500":{"start":{"line":501,"column":0},"end":{"line":501,"column":7}},"502":{"start":{"line":503,"column":0},"end":{"line":503,"column":23}},"503":{"start":{"line":504,"column":0},"end":{"line":504,"column":33}},"504":{"start":{"line":505,"column":0},"end":{"line":505,"column":21}},"505":{"start":{"line":506,"column":0},"end":{"line":506,"column":63}},"506":{"start":{"line":507,"column":0},"end":{"line":507,"column":50}},"507":{"start":{"line":508,"column":0},"end":{"line":508,"column":5}},"508":{"start":{"line":509,"column":0},"end":{"line":509,"column":4}},"510":{"start":{"line":511,"column":0},"end":{"line":511,"column":52}},"512":{"start":{"line":513,"column":0},"end":{"line":513,"column":85}},"514":{"start":{"line":515,"column":0},"end":{"line":515,"column":43}},"515":{"start":{"line":516,"column":0},"end":{"line":516,"column":43}},"516":{"start":{"line":517,"column":0},"end":{"line":517,"column":99}},"519":{"start":{"line":520,"column":0},"end":{"line":520,"column":8}},"521":{"start":{"line":522,"column":0},"end":{"line":522,"column":33}},"522":{"start":{"line":523,"column":0},"end":{"line":523,"column":5}},"524":{"start":{"line":525,"column":0},"end":{"line":525,"column":9}},"525":{"start":{"line":526,"column":0},"end":{"line":526,"column":46}},"526":{"start":{"line":527,"column":0},"end":{"line":527,"column":44}},"527":{"start":{"line":528,"column":0},"end":{"line":528,"column":23}},"528":{"start":{"line":529,"column":0},"end":{"line":529,"column":21}},"529":{"start":{"line":530,"column":0},"end":{"line":530,"column":64}},"530":{"start":{"line":531,"column":0},"end":{"line":531,"column":51}},"531":{"start":{"line":532,"column":0},"end":{"line":532,"column":5}},"532":{"start":{"line":533,"column":0},"end":{"line":533,"column":4}},"538":{"start":{"line":539,"column":0},"end":{"line":539,"column":54}},"539":{"start":{"line":540,"column":0},"end":{"line":540,"column":29}},"540":{"start":{"line":541,"column":0},"end":{"line":541,"column":58}},"541":{"start":{"line":542,"column":0},"end":{"line":542,"column":37}},"542":{"start":{"line":543,"column":0},"end":{"line":543,"column":4}},"544":{"start":{"line":545,"column":0},"end":{"line":545,"column":48}},"545":{"start":{"line":546,"column":0},"end":{"line":546,"column":38}},"546":{"start":{"line":547,"column":0},"end":{"line":547,"column":26}},"547":{"start":{"line":548,"column":0},"end":{"line":548,"column":38}},"548":{"start":{"line":549,"column":0},"end":{"line":549,"column":4}},"550":{"start":{"line":551,"column":0},"end":{"line":551,"column":44}},"551":{"start":{"line":552,"column":0},"end":{"line":552,"column":38}},"552":{"start":{"line":553,"column":0},"end":{"line":553,"column":60}},"553":{"start":{"line":554,"column":0},"end":{"line":554,"column":13}},"554":{"start":{"line":555,"column":0},"end":{"line":555,"column":5}},"556":{"start":{"line":557,"column":0},"end":{"line":557,"column":9}},"557":{"start":{"line":558,"column":0},"end":{"line":558,"column":86}},"558":{"start":{"line":559,"column":0},"end":{"line":559,"column":65}},"559":{"start":{"line":560,"column":0},"end":{"line":560,"column":23}},"560":{"start":{"line":561,"column":0},"end":{"line":561,"column":39}},"561":{"start":{"line":562,"column":0},"end":{"line":562,"column":21}},"562":{"start":{"line":563,"column":0},"end":{"line":563,"column":64}},"563":{"start":{"line":564,"column":0},"end":{"line":564,"column":51}},"564":{"start":{"line":565,"column":0},"end":{"line":565,"column":5}},"565":{"start":{"line":566,"column":0},"end":{"line":566,"column":4}},"567":{"start":{"line":568,"column":0},"end":{"line":568,"column":58}},"568":{"start":{"line":569,"column":0},"end":{"line":569,"column":35}},"569":{"start":{"line":570,"column":0},"end":{"line":570,"column":55}},"571":{"start":{"line":572,"column":0},"end":{"line":572,"column":6}},"573":{"start":{"line":574,"column":0},"end":{"line":574,"column":25}},"575":{"start":{"line":576,"column":0},"end":{"line":576,"column":9}},"576":{"start":{"line":577,"column":0},"end":{"line":577,"column":47}},"577":{"start":{"line":578,"column":0},"end":{"line":578,"column":52}},"578":{"start":{"line":579,"column":0},"end":{"line":579,"column":23}},"579":{"start":{"line":580,"column":0},"end":{"line":580,"column":21}},"580":{"start":{"line":581,"column":0},"end":{"line":581,"column":64}},"581":{"start":{"line":582,"column":0},"end":{"line":582,"column":51}},"582":{"start":{"line":583,"column":0},"end":{"line":583,"column":5}},"583":{"start":{"line":584,"column":0},"end":{"line":584,"column":4}},"585":{"start":{"line":586,"column":0},"end":{"line":586,"column":137}},"587":{"start":{"line":588,"column":0},"end":{"line":588,"column":42}},"588":{"start":{"line":589,"column":0},"end":{"line":589,"column":12}},"589":{"start":{"line":590,"column":0},"end":{"line":590,"column":63}},"590":{"start":{"line":591,"column":0},"end":{"line":591,"column":96}},"591":{"start":{"line":592,"column":0},"end":{"line":592,"column":48}},"592":{"start":{"line":593,"column":0},"end":{"line":593,"column":32}},"593":{"start":{"line":594,"column":0},"end":{"line":594,"column":39}},"594":{"start":{"line":595,"column":0},"end":{"line":595,"column":50}},"595":{"start":{"line":596,"column":0},"end":{"line":596,"column":10}},"596":{"start":{"line":597,"column":0},"end":{"line":597,"column":9}},"597":{"start":{"line":598,"column":0},"end":{"line":598,"column":46}},"598":{"start":{"line":599,"column":0},"end":{"line":599,"column":32}},"599":{"start":{"line":600,"column":0},"end":{"line":600,"column":37}},"600":{"start":{"line":601,"column":0},"end":{"line":601,"column":50}},"601":{"start":{"line":602,"column":0},"end":{"line":602,"column":10}},"602":{"start":{"line":603,"column":0},"end":{"line":603,"column":8}},"603":{"start":{"line":604,"column":0},"end":{"line":604,"column":6}},"604":{"start":{"line":605,"column":0},"end":{"line":605,"column":33}},"606":{"start":{"line":607,"column":0},"end":{"line":607,"column":43}},"607":{"start":{"line":608,"column":0},"end":{"line":608,"column":23}},"608":{"start":{"line":609,"column":0},"end":{"line":609,"column":44}},"609":{"start":{"line":610,"column":0},"end":{"line":610,"column":33}},"610":{"start":{"line":611,"column":0},"end":{"line":611,"column":33}},"611":{"start":{"line":612,"column":0},"end":{"line":612,"column":7}},"612":{"start":{"line":613,"column":0},"end":{"line":613,"column":34}},"613":{"start":{"line":614,"column":0},"end":{"line":614,"column":7}},"614":{"start":{"line":615,"column":0},"end":{"line":615,"column":19}},"615":{"start":{"line":616,"column":0},"end":{"line":616,"column":25}},"617":{"start":{"line":618,"column":0},"end":{"line":618,"column":39}},"618":{"start":{"line":619,"column":0},"end":{"line":619,"column":22}},"620":{"start":{"line":621,"column":0},"end":{"line":621,"column":47}},"621":{"start":{"line":622,"column":0},"end":{"line":622,"column":19}},"622":{"start":{"line":623,"column":0},"end":{"line":623,"column":24}},"623":{"start":{"line":624,"column":0},"end":{"line":624,"column":78}},"624":{"start":{"line":625,"column":0},"end":{"line":625,"column":47}},"625":{"start":{"line":626,"column":0},"end":{"line":626,"column":9}},"626":{"start":{"line":627,"column":0},"end":{"line":627,"column":5}},"628":{"start":{"line":629,"column":0},"end":{"line":629,"column":46}},"629":{"start":{"line":630,"column":0},"end":{"line":630,"column":108}},"630":{"start":{"line":631,"column":0},"end":{"line":631,"column":37}},"631":{"start":{"line":632,"column":0},"end":{"line":632,"column":107}},"632":{"start":{"line":633,"column":0},"end":{"line":633,"column":61}},"633":{"start":{"line":634,"column":0},"end":{"line":634,"column":33}},"634":{"start":{"line":635,"column":0},"end":{"line":635,"column":23}},"635":{"start":{"line":636,"column":0},"end":{"line":636,"column":25}},"636":{"start":{"line":637,"column":0},"end":{"line":637,"column":71}},"637":{"start":{"line":638,"column":0},"end":{"line":638,"column":27}},"638":{"start":{"line":639,"column":0},"end":{"line":639,"column":13}},"639":{"start":{"line":640,"column":0},"end":{"line":640,"column":9}},"640":{"start":{"line":641,"column":0},"end":{"line":641,"column":7}},"641":{"start":{"line":642,"column":0},"end":{"line":642,"column":7}},"643":{"start":{"line":644,"column":0},"end":{"line":644,"column":65}},"644":{"start":{"line":645,"column":0},"end":{"line":645,"column":19}},"645":{"start":{"line":646,"column":0},"end":{"line":646,"column":24}},"646":{"start":{"line":647,"column":0},"end":{"line":647,"column":95}},"647":{"start":{"line":648,"column":0},"end":{"line":648,"column":65}},"648":{"start":{"line":649,"column":0},"end":{"line":649,"column":9}},"649":{"start":{"line":650,"column":0},"end":{"line":650,"column":5}},"651":{"start":{"line":652,"column":0},"end":{"line":652,"column":18}},"652":{"start":{"line":653,"column":0},"end":{"line":653,"column":33}},"655":{"start":{"line":656,"column":0},"end":{"line":656,"column":39}},"657":{"start":{"line":658,"column":0},"end":{"line":658,"column":47}},"658":{"start":{"line":659,"column":0},"end":{"line":659,"column":75}},"659":{"start":{"line":660,"column":0},"end":{"line":660,"column":97}},"662":{"start":{"line":663,"column":0},"end":{"line":663,"column":38}},"663":{"start":{"line":664,"column":0},"end":{"line":664,"column":33}},"664":{"start":{"line":665,"column":0},"end":{"line":665,"column":29}},"666":{"start":{"line":667,"column":0},"end":{"line":667,"column":33}},"667":{"start":{"line":668,"column":0},"end":{"line":668,"column":101}},"668":{"start":{"line":669,"column":0},"end":{"line":669,"column":35}},"669":{"start":{"line":670,"column":0},"end":{"line":670,"column":12}},"673":{"start":{"line":674,"column":0},"end":{"line":674,"column":74}},"676":{"start":{"line":677,"column":0},"end":{"line":677,"column":51}},"678":{"start":{"line":679,"column":0},"end":{"line":679,"column":47}},"679":{"start":{"line":680,"column":0},"end":{"line":680,"column":56}},"680":{"start":{"line":681,"column":0},"end":{"line":681,"column":29}},"681":{"start":{"line":682,"column":0},"end":{"line":682,"column":46}},"682":{"start":{"line":683,"column":0},"end":{"line":683,"column":12}},"684":{"start":{"line":685,"column":0},"end":{"line":685,"column":12}},"685":{"start":{"line":686,"column":0},"end":{"line":686,"column":25}},"686":{"start":{"line":687,"column":0},"end":{"line":687,"column":39}},"687":{"start":{"line":688,"column":0},"end":{"line":688,"column":38}},"688":{"start":{"line":689,"column":0},"end":{"line":689,"column":20}},"689":{"start":{"line":690,"column":0},"end":{"line":690,"column":26}},"690":{"start":{"line":691,"column":0},"end":{"line":691,"column":20}},"691":{"start":{"line":692,"column":0},"end":{"line":692,"column":46}},"692":{"start":{"line":693,"column":0},"end":{"line":693,"column":73}},"693":{"start":{"line":694,"column":0},"end":{"line":694,"column":8}},"694":{"start":{"line":695,"column":0},"end":{"line":695,"column":19}},"695":{"start":{"line":696,"column":0},"end":{"line":696,"column":68}},"696":{"start":{"line":697,"column":0},"end":{"line":697,"column":31}},"697":{"start":{"line":698,"column":0},"end":{"line":698,"column":21}},"698":{"start":{"line":699,"column":0},"end":{"line":699,"column":26}},"699":{"start":{"line":700,"column":0},"end":{"line":700,"column":22}},"700":{"start":{"line":701,"column":0},"end":{"line":701,"column":40}},"701":{"start":{"line":702,"column":0},"end":{"line":702,"column":87}},"702":{"start":{"line":703,"column":0},"end":{"line":703,"column":8}},"703":{"start":{"line":704,"column":0},"end":{"line":704,"column":23}},"704":{"start":{"line":705,"column":0},"end":{"line":705,"column":77}},"705":{"start":{"line":706,"column":0},"end":{"line":706,"column":40}},"706":{"start":{"line":707,"column":0},"end":{"line":707,"column":20}},"707":{"start":{"line":708,"column":0},"end":{"line":708,"column":26}},"708":{"start":{"line":709,"column":0},"end":{"line":709,"column":20}},"709":{"start":{"line":710,"column":0},"end":{"line":710,"column":44}},"710":{"start":{"line":711,"column":0},"end":{"line":711,"column":96}},"711":{"start":{"line":712,"column":0},"end":{"line":712,"column":7}},"712":{"start":{"line":713,"column":0},"end":{"line":713,"column":6}},"713":{"start":{"line":714,"column":0},"end":{"line":714,"column":37}},"715":{"start":{"line":716,"column":0},"end":{"line":716,"column":59}},"716":{"start":{"line":717,"column":0},"end":{"line":717,"column":9}},"717":{"start":{"line":718,"column":0},"end":{"line":718,"column":55}},"718":{"start":{"line":719,"column":0},"end":{"line":719,"column":23}},"719":{"start":{"line":720,"column":0},"end":{"line":720,"column":42}},"720":{"start":{"line":721,"column":0},"end":{"line":721,"column":21}},"721":{"start":{"line":722,"column":0},"end":{"line":722,"column":63}},"722":{"start":{"line":723,"column":0},"end":{"line":723,"column":43}},"723":{"start":{"line":724,"column":0},"end":{"line":724,"column":65}},"724":{"start":{"line":725,"column":0},"end":{"line":725,"column":19}},"725":{"start":{"line":726,"column":0},"end":{"line":726,"column":32}},"726":{"start":{"line":727,"column":0},"end":{"line":727,"column":37}},"727":{"start":{"line":728,"column":0},"end":{"line":728,"column":11}},"728":{"start":{"line":729,"column":0},"end":{"line":729,"column":11}},"729":{"start":{"line":730,"column":0},"end":{"line":730,"column":90}},"730":{"start":{"line":731,"column":0},"end":{"line":731,"column":81}},"731":{"start":{"line":732,"column":0},"end":{"line":732,"column":14}},"732":{"start":{"line":733,"column":0},"end":{"line":733,"column":93}},"733":{"start":{"line":734,"column":0},"end":{"line":734,"column":7}},"734":{"start":{"line":735,"column":0},"end":{"line":735,"column":5}},"735":{"start":{"line":736,"column":0},"end":{"line":736,"column":4}},"737":{"start":{"line":738,"column":0},"end":{"line":738,"column":56}},"738":{"start":{"line":739,"column":0},"end":{"line":739,"column":36}},"739":{"start":{"line":740,"column":0},"end":{"line":740,"column":76}},"740":{"start":{"line":741,"column":0},"end":{"line":741,"column":4}},"742":{"start":{"line":743,"column":0},"end":{"line":743,"column":33}},"743":{"start":{"line":744,"column":0},"end":{"line":744,"column":23}},"744":{"start":{"line":745,"column":0},"end":{"line":745,"column":78}},"745":{"start":{"line":746,"column":0},"end":{"line":746,"column":76}},"746":{"start":{"line":747,"column":0},"end":{"line":747,"column":28}},"747":{"start":{"line":748,"column":0},"end":{"line":748,"column":28}},"748":{"start":{"line":749,"column":0},"end":{"line":749,"column":5}},"749":{"start":{"line":750,"column":0},"end":{"line":750,"column":4}},"751":{"start":{"line":752,"column":0},"end":{"line":752,"column":33}},"752":{"start":{"line":753,"column":0},"end":{"line":753,"column":26}},"753":{"start":{"line":754,"column":0},"end":{"line":754,"column":26}},"754":{"start":{"line":755,"column":0},"end":{"line":755,"column":4}},"756":{"start":{"line":757,"column":0},"end":{"line":757,"column":55}},"757":{"start":{"line":758,"column":0},"end":{"line":758,"column":66}},"758":{"start":{"line":759,"column":0},"end":{"line":759,"column":41}},"759":{"start":{"line":760,"column":0},"end":{"line":760,"column":14}},"760":{"start":{"line":761,"column":0},"end":{"line":761,"column":24}},"761":{"start":{"line":762,"column":0},"end":{"line":762,"column":8}},"762":{"start":{"line":763,"column":0},"end":{"line":763,"column":4}},"764":{"start":{"line":765,"column":0},"end":{"line":765,"column":41}},"765":{"start":{"line":766,"column":0},"end":{"line":766,"column":60}},"766":{"start":{"line":767,"column":0},"end":{"line":767,"column":54}},"767":{"start":{"line":768,"column":0},"end":{"line":768,"column":13}},"768":{"start":{"line":769,"column":0},"end":{"line":769,"column":5}},"770":{"start":{"line":771,"column":0},"end":{"line":771,"column":32}},"772":{"start":{"line":773,"column":0},"end":{"line":773,"column":9}},"773":{"start":{"line":774,"column":0},"end":{"line":774,"column":76}},"776":{"start":{"line":777,"column":0},"end":{"line":777,"column":96}},"777":{"start":{"line":778,"column":0},"end":{"line":778,"column":50}},"778":{"start":{"line":779,"column":0},"end":{"line":779,"column":53}},"779":{"start":{"line":780,"column":0},"end":{"line":780,"column":9}},"781":{"start":{"line":782,"column":0},"end":{"line":782,"column":54}},"782":{"start":{"line":783,"column":0},"end":{"line":783,"column":55}},"785":{"start":{"line":786,"column":0},"end":{"line":786,"column":50}},"786":{"start":{"line":787,"column":0},"end":{"line":787,"column":30}},"787":{"start":{"line":788,"column":0},"end":{"line":788,"column":75}},"788":{"start":{"line":789,"column":0},"end":{"line":789,"column":7}},"791":{"start":{"line":792,"column":0},"end":{"line":792,"column":23}},"794":{"start":{"line":795,"column":0},"end":{"line":795,"column":37}},"796":{"start":{"line":797,"column":0},"end":{"line":797,"column":111}},"797":{"start":{"line":798,"column":0},"end":{"line":798,"column":22}},"798":{"start":{"line":799,"column":0},"end":{"line":799,"column":9}},"800":{"start":{"line":801,"column":0},"end":{"line":801,"column":21}},"801":{"start":{"line":802,"column":0},"end":{"line":802,"column":62}},"802":{"start":{"line":803,"column":0},"end":{"line":803,"column":69}},"803":{"start":{"line":804,"column":0},"end":{"line":804,"column":22}},"804":{"start":{"line":805,"column":0},"end":{"line":805,"column":9}},"805":{"start":{"line":806,"column":0},"end":{"line":806,"column":15}},"806":{"start":{"line":807,"column":0},"end":{"line":807,"column":35}},"807":{"start":{"line":808,"column":0},"end":{"line":808,"column":5}},"808":{"start":{"line":809,"column":0},"end":{"line":809,"column":4}},"810":{"start":{"line":811,"column":0},"end":{"line":811,"column":40}},"812":{"start":{"line":813,"column":0},"end":{"line":813,"column":49}},"813":{"start":{"line":814,"column":0},"end":{"line":814,"column":26}},"814":{"start":{"line":815,"column":0},"end":{"line":815,"column":27}},"815":{"start":{"line":816,"column":0},"end":{"line":816,"column":74}},"816":{"start":{"line":817,"column":0},"end":{"line":817,"column":7}},"817":{"start":{"line":818,"column":0},"end":{"line":818,"column":35}},"818":{"start":{"line":819,"column":0},"end":{"line":819,"column":34}},"819":{"start":{"line":820,"column":0},"end":{"line":820,"column":28}},"820":{"start":{"line":821,"column":0},"end":{"line":821,"column":4}},"822":{"start":{"line":823,"column":0},"end":{"line":823,"column":53}},"823":{"start":{"line":824,"column":0},"end":{"line":824,"column":42}},"824":{"start":{"line":825,"column":0},"end":{"line":825,"column":33}},"825":{"start":{"line":826,"column":0},"end":{"line":826,"column":14}},"826":{"start":{"line":827,"column":0},"end":{"line":827,"column":44}},"827":{"start":{"line":828,"column":0},"end":{"line":828,"column":8}},"828":{"start":{"line":829,"column":0},"end":{"line":829,"column":4}},"830":{"start":{"line":831,"column":0},"end":{"line":831,"column":54}},"831":{"start":{"line":832,"column":0},"end":{"line":832,"column":45}},"832":{"start":{"line":833,"column":0},"end":{"line":833,"column":43}},"833":{"start":{"line":834,"column":0},"end":{"line":834,"column":57}},"834":{"start":{"line":835,"column":0},"end":{"line":835,"column":101}},"835":{"start":{"line":836,"column":0},"end":{"line":836,"column":18}},"837":{"start":{"line":838,"column":0},"end":{"line":838,"column":47}},"838":{"start":{"line":839,"column":0},"end":{"line":839,"column":57}},"839":{"start":{"line":840,"column":0},"end":{"line":840,"column":38}},"840":{"start":{"line":841,"column":0},"end":{"line":841,"column":10}},"842":{"start":{"line":843,"column":0},"end":{"line":843,"column":12}},"843":{"start":{"line":844,"column":0},"end":{"line":844,"column":56}},"844":{"start":{"line":845,"column":0},"end":{"line":845,"column":81}},"845":{"start":{"line":846,"column":0},"end":{"line":846,"column":21}},"849":{"start":{"line":850,"column":0},"end":{"line":850,"column":14}},"851":{"start":{"line":852,"column":0},"end":{"line":852,"column":27}},"855":{"start":{"line":856,"column":0},"end":{"line":856,"column":73}},"859":{"start":{"line":860,"column":0},"end":{"line":860,"column":6}},"860":{"start":{"line":861,"column":0},"end":{"line":861,"column":4}},"862":{"start":{"line":863,"column":0},"end":{"line":863,"column":34}},"864":{"start":{"line":865,"column":0},"end":{"line":865,"column":28}},"865":{"start":{"line":866,"column":0},"end":{"line":866,"column":17}},"866":{"start":{"line":867,"column":0},"end":{"line":867,"column":47}},"867":{"start":{"line":868,"column":0},"end":{"line":868,"column":50}},"868":{"start":{"line":869,"column":0},"end":{"line":869,"column":8}},"869":{"start":{"line":870,"column":0},"end":{"line":870,"column":26}},"871":{"start":{"line":872,"column":0},"end":{"line":872,"column":77}},"872":{"start":{"line":873,"column":0},"end":{"line":873,"column":55}},"873":{"start":{"line":874,"column":0},"end":{"line":874,"column":4}},"875":{"start":{"line":876,"column":0},"end":{"line":876,"column":33}},"876":{"start":{"line":877,"column":0},"end":{"line":877,"column":9}},"877":{"start":{"line":878,"column":0},"end":{"line":878,"column":66}},"878":{"start":{"line":879,"column":0},"end":{"line":879,"column":56}},"879":{"start":{"line":880,"column":0},"end":{"line":880,"column":59}},"880":{"start":{"line":881,"column":0},"end":{"line":881,"column":40}},"881":{"start":{"line":882,"column":0},"end":{"line":882,"column":12}},"883":{"start":{"line":884,"column":0},"end":{"line":884,"column":25}},"884":{"start":{"line":885,"column":0},"end":{"line":885,"column":31}},"885":{"start":{"line":886,"column":0},"end":{"line":886,"column":35}},"886":{"start":{"line":887,"column":0},"end":{"line":887,"column":39}},"887":{"start":{"line":888,"column":0},"end":{"line":888,"column":21}},"888":{"start":{"line":889,"column":0},"end":{"line":889,"column":58}},"889":{"start":{"line":890,"column":0},"end":{"line":890,"column":42}},"890":{"start":{"line":891,"column":0},"end":{"line":891,"column":21}},"891":{"start":{"line":892,"column":0},"end":{"line":892,"column":59}},"892":{"start":{"line":893,"column":0},"end":{"line":893,"column":34}},"893":{"start":{"line":894,"column":0},"end":{"line":894,"column":12}},"894":{"start":{"line":895,"column":0},"end":{"line":895,"column":17}},"895":{"start":{"line":896,"column":0},"end":{"line":896,"column":8}},"897":{"start":{"line":898,"column":0},"end":{"line":898,"column":39}},"898":{"start":{"line":899,"column":0},"end":{"line":899,"column":23}},"900":{"start":{"line":901,"column":0},"end":{"line":901,"column":31}},"901":{"start":{"line":902,"column":0},"end":{"line":902,"column":32}},"903":{"start":{"line":904,"column":0},"end":{"line":904,"column":75}},"904":{"start":{"line":905,"column":0},"end":{"line":905,"column":17}},"905":{"start":{"line":906,"column":0},"end":{"line":906,"column":24}},"906":{"start":{"line":907,"column":0},"end":{"line":907,"column":46}},"907":{"start":{"line":908,"column":0},"end":{"line":908,"column":10}},"908":{"start":{"line":909,"column":0},"end":{"line":909,"column":22}},"909":{"start":{"line":910,"column":0},"end":{"line":910,"column":9}},"910":{"start":{"line":911,"column":0},"end":{"line":911,"column":21}},"911":{"start":{"line":912,"column":0},"end":{"line":912,"column":75}},"912":{"start":{"line":913,"column":0},"end":{"line":913,"column":63}},"913":{"start":{"line":914,"column":0},"end":{"line":914,"column":5}},"914":{"start":{"line":915,"column":0},"end":{"line":915,"column":4}},"916":{"start":{"line":917,"column":0},"end":{"line":917,"column":47}},"917":{"start":{"line":918,"column":0},"end":{"line":918,"column":9}},"918":{"start":{"line":919,"column":0},"end":{"line":919,"column":66}},"919":{"start":{"line":920,"column":0},"end":{"line":920,"column":56}},"920":{"start":{"line":921,"column":0},"end":{"line":921,"column":59}},"921":{"start":{"line":922,"column":0},"end":{"line":922,"column":40}},"922":{"start":{"line":923,"column":0},"end":{"line":923,"column":12}},"924":{"start":{"line":925,"column":0},"end":{"line":925,"column":25}},"925":{"start":{"line":926,"column":0},"end":{"line":926,"column":31}},"926":{"start":{"line":927,"column":0},"end":{"line":927,"column":35}},"927":{"start":{"line":928,"column":0},"end":{"line":928,"column":39}},"928":{"start":{"line":929,"column":0},"end":{"line":929,"column":21}},"929":{"start":{"line":930,"column":0},"end":{"line":930,"column":58}},"930":{"start":{"line":931,"column":0},"end":{"line":931,"column":42}},"931":{"start":{"line":932,"column":0},"end":{"line":932,"column":21}},"932":{"start":{"line":933,"column":0},"end":{"line":933,"column":59}},"933":{"start":{"line":934,"column":0},"end":{"line":934,"column":34}},"934":{"start":{"line":935,"column":0},"end":{"line":935,"column":12}},"935":{"start":{"line":936,"column":0},"end":{"line":936,"column":17}},"936":{"start":{"line":937,"column":0},"end":{"line":937,"column":8}},"938":{"start":{"line":939,"column":0},"end":{"line":939,"column":39}},"939":{"start":{"line":940,"column":0},"end":{"line":940,"column":23}},"941":{"start":{"line":942,"column":0},"end":{"line":942,"column":31}},"942":{"start":{"line":943,"column":0},"end":{"line":943,"column":32}},"944":{"start":{"line":945,"column":0},"end":{"line":945,"column":61}},"945":{"start":{"line":946,"column":0},"end":{"line":946,"column":17}},"946":{"start":{"line":947,"column":0},"end":{"line":947,"column":24}},"947":{"start":{"line":948,"column":0},"end":{"line":948,"column":46}},"948":{"start":{"line":949,"column":0},"end":{"line":949,"column":10}},"949":{"start":{"line":950,"column":0},"end":{"line":950,"column":22}},"950":{"start":{"line":951,"column":0},"end":{"line":951,"column":9}},"951":{"start":{"line":952,"column":0},"end":{"line":952,"column":21}},"952":{"start":{"line":953,"column":0},"end":{"line":953,"column":75}},"953":{"start":{"line":954,"column":0},"end":{"line":954,"column":63}},"954":{"start":{"line":955,"column":0},"end":{"line":955,"column":5}},"955":{"start":{"line":956,"column":0},"end":{"line":956,"column":4}},"957":{"start":{"line":958,"column":0},"end":{"line":958,"column":43}},"958":{"start":{"line":959,"column":0},"end":{"line":959,"column":9}},"959":{"start":{"line":960,"column":0},"end":{"line":960,"column":51}},"960":{"start":{"line":961,"column":0},"end":{"line":961,"column":75}},"962":{"start":{"line":963,"column":0},"end":{"line":963,"column":44}},"963":{"start":{"line":964,"column":0},"end":{"line":964,"column":28}},"964":{"start":{"line":965,"column":0},"end":{"line":965,"column":32}},"965":{"start":{"line":966,"column":0},"end":{"line":966,"column":9}},"967":{"start":{"line":968,"column":0},"end":{"line":968,"column":23}},"968":{"start":{"line":969,"column":0},"end":{"line":969,"column":70}},"969":{"start":{"line":970,"column":0},"end":{"line":970,"column":21}},"970":{"start":{"line":971,"column":0},"end":{"line":971,"column":53}},"971":{"start":{"line":972,"column":0},"end":{"line":972,"column":52}},"972":{"start":{"line":973,"column":0},"end":{"line":973,"column":5}},"973":{"start":{"line":974,"column":0},"end":{"line":974,"column":4}},"975":{"start":{"line":976,"column":0},"end":{"line":976,"column":43}},"976":{"start":{"line":977,"column":0},"end":{"line":977,"column":32}},"977":{"start":{"line":978,"column":0},"end":{"line":978,"column":14}},"978":{"start":{"line":979,"column":0},"end":{"line":979,"column":31}},"979":{"start":{"line":980,"column":0},"end":{"line":980,"column":8}},"980":{"start":{"line":981,"column":0},"end":{"line":981,"column":4}},"982":{"start":{"line":983,"column":0},"end":{"line":983,"column":40}},"983":{"start":{"line":984,"column":0},"end":{"line":984,"column":97}},"985":{"start":{"line":986,"column":0},"end":{"line":986,"column":9}},"986":{"start":{"line":987,"column":0},"end":{"line":987,"column":44}},"987":{"start":{"line":988,"column":0},"end":{"line":988,"column":29}},"988":{"start":{"line":989,"column":0},"end":{"line":989,"column":58}},"989":{"start":{"line":990,"column":0},"end":{"line":990,"column":38}},"990":{"start":{"line":991,"column":0},"end":{"line":991,"column":9}},"991":{"start":{"line":992,"column":0},"end":{"line":992,"column":23}},"992":{"start":{"line":993,"column":0},"end":{"line":993,"column":41}},"993":{"start":{"line":994,"column":0},"end":{"line":994,"column":21}},"994":{"start":{"line":995,"column":0},"end":{"line":995,"column":40}},"995":{"start":{"line":996,"column":0},"end":{"line":996,"column":51}},"996":{"start":{"line":997,"column":0},"end":{"line":997,"column":5}},"997":{"start":{"line":998,"column":0},"end":{"line":998,"column":4}},"999":{"start":{"line":1000,"column":0},"end":{"line":1000,"column":37}},"1000":{"start":{"line":1001,"column":0},"end":{"line":1001,"column":53}},"1001":{"start":{"line":1002,"column":0},"end":{"line":1002,"column":35}},"1002":{"start":{"line":1003,"column":0},"end":{"line":1003,"column":4}},"1004":{"start":{"line":1005,"column":0},"end":{"line":1005,"column":46}},"1005":{"start":{"line":1006,"column":0},"end":{"line":1006,"column":34}},"1008":{"start":{"line":1009,"column":0},"end":{"line":1009,"column":28}},"1009":{"start":{"line":1010,"column":0},"end":{"line":1010,"column":28}},"1011":{"start":{"line":1012,"column":0},"end":{"line":1012,"column":33}},"1012":{"start":{"line":1013,"column":0},"end":{"line":1013,"column":32}},"1013":{"start":{"line":1014,"column":0},"end":{"line":1014,"column":94}},"1014":{"start":{"line":1015,"column":0},"end":{"line":1015,"column":42}},"1015":{"start":{"line":1016,"column":0},"end":{"line":1016,"column":8}},"1016":{"start":{"line":1017,"column":0},"end":{"line":1017,"column":62}},"1017":{"start":{"line":1018,"column":0},"end":{"line":1018,"column":7}},"1019":{"start":{"line":1020,"column":0},"end":{"line":1020,"column":38}},"1020":{"start":{"line":1021,"column":0},"end":{"line":1021,"column":38}},"1021":{"start":{"line":1022,"column":0},"end":{"line":1022,"column":37}},"1022":{"start":{"line":1023,"column":0},"end":{"line":1023,"column":4}},"1024":{"start":{"line":1025,"column":0},"end":{"line":1025,"column":56}},"1025":{"start":{"line":1026,"column":0},"end":{"line":1026,"column":34}},"1026":{"start":{"line":1027,"column":0},"end":{"line":1027,"column":14}},"1027":{"start":{"line":1028,"column":0},"end":{"line":1028,"column":14}},"1028":{"start":{"line":1029,"column":0},"end":{"line":1029,"column":21}},"1029":{"start":{"line":1030,"column":0},"end":{"line":1030,"column":22}},"1030":{"start":{"line":1031,"column":0},"end":{"line":1031,"column":7}},"1031":{"start":{"line":1032,"column":0},"end":{"line":1032,"column":8}},"1032":{"start":{"line":1033,"column":0},"end":{"line":1033,"column":4}},"1034":{"start":{"line":1035,"column":0},"end":{"line":1035,"column":59}},"1035":{"start":{"line":1036,"column":0},"end":{"line":1036,"column":9}},"1036":{"start":{"line":1037,"column":0},"end":{"line":1037,"column":39}},"1038":{"start":{"line":1039,"column":0},"end":{"line":1039,"column":76}},"1039":{"start":{"line":1040,"column":0},"end":{"line":1040,"column":57}},"1040":{"start":{"line":1041,"column":0},"end":{"line":1041,"column":59}},"1043":{"start":{"line":1044,"column":0},"end":{"line":1044,"column":66}},"1044":{"start":{"line":1045,"column":0},"end":{"line":1045,"column":79}},"1045":{"start":{"line":1046,"column":0},"end":{"line":1046,"column":62}},"1046":{"start":{"line":1047,"column":0},"end":{"line":1047,"column":62}},"1049":{"start":{"line":1050,"column":0},"end":{"line":1050,"column":52}},"1050":{"start":{"line":1051,"column":0},"end":{"line":1051,"column":64}},"1051":{"start":{"line":1052,"column":0},"end":{"line":1052,"column":9}},"1053":{"start":{"line":1054,"column":0},"end":{"line":1054,"column":16}},"1054":{"start":{"line":1055,"column":0},"end":{"line":1055,"column":24}},"1055":{"start":{"line":1056,"column":0},"end":{"line":1056,"column":34}},"1056":{"start":{"line":1057,"column":0},"end":{"line":1057,"column":42}},"1057":{"start":{"line":1058,"column":0},"end":{"line":1058,"column":40}},"1058":{"start":{"line":1059,"column":0},"end":{"line":1059,"column":36}},"1059":{"start":{"line":1060,"column":0},"end":{"line":1060,"column":33}},"1060":{"start":{"line":1061,"column":0},"end":{"line":1061,"column":10}},"1061":{"start":{"line":1062,"column":0},"end":{"line":1062,"column":9}},"1063":{"start":{"line":1064,"column":0},"end":{"line":1064,"column":53}},"1066":{"start":{"line":1067,"column":0},"end":{"line":1067,"column":52}},"1067":{"start":{"line":1068,"column":0},"end":{"line":1068,"column":49}},"1068":{"start":{"line":1069,"column":0},"end":{"line":1069,"column":39}},"1069":{"start":{"line":1070,"column":0},"end":{"line":1070,"column":8}},"1071":{"start":{"line":1072,"column":0},"end":{"line":1072,"column":51}},"1074":{"start":{"line":1075,"column":0},"end":{"line":1075,"column":29}},"1075":{"start":{"line":1076,"column":0},"end":{"line":1076,"column":61}},"1076":{"start":{"line":1077,"column":0},"end":{"line":1077,"column":59}},"1077":{"start":{"line":1078,"column":0},"end":{"line":1078,"column":36}},"1078":{"start":{"line":1079,"column":0},"end":{"line":1079,"column":27}},"1079":{"start":{"line":1080,"column":0},"end":{"line":1080,"column":8}},"1081":{"start":{"line":1082,"column":0},"end":{"line":1082,"column":60}},"1083":{"start":{"line":1084,"column":0},"end":{"line":1084,"column":73}},"1087":{"start":{"line":1088,"column":0},"end":{"line":1088,"column":39}},"1088":{"start":{"line":1089,"column":0},"end":{"line":1089,"column":85}},"1089":{"start":{"line":1090,"column":0},"end":{"line":1090,"column":23}},"1090":{"start":{"line":1091,"column":0},"end":{"line":1091,"column":24}},"1091":{"start":{"line":1092,"column":0},"end":{"line":1092,"column":87}},"1092":{"start":{"line":1093,"column":0},"end":{"line":1093,"column":11}},"1093":{"start":{"line":1094,"column":0},"end":{"line":1094,"column":88}},"1095":{"start":{"line":1096,"column":0},"end":{"line":1096,"column":58}},"1097":{"start":{"line":1098,"column":0},"end":{"line":1098,"column":36}},"1098":{"start":{"line":1099,"column":0},"end":{"line":1099,"column":44}},"1099":{"start":{"line":1100,"column":0},"end":{"line":1100,"column":54}},"1100":{"start":{"line":1101,"column":0},"end":{"line":1101,"column":7}},"1103":{"start":{"line":1104,"column":0},"end":{"line":1104,"column":24}},"1104":{"start":{"line":1105,"column":0},"end":{"line":1105,"column":41}},"1105":{"start":{"line":1106,"column":0},"end":{"line":1106,"column":7}},"1108":{"start":{"line":1109,"column":0},"end":{"line":1109,"column":23}},"1111":{"start":{"line":1112,"column":0},"end":{"line":1112,"column":40}},"1112":{"start":{"line":1113,"column":0},"end":{"line":1113,"column":35}},"1113":{"start":{"line":1114,"column":0},"end":{"line":1114,"column":30}},"1114":{"start":{"line":1115,"column":0},"end":{"line":1115,"column":30}},"1116":{"start":{"line":1117,"column":0},"end":{"line":1117,"column":20}},"1117":{"start":{"line":1118,"column":0},"end":{"line":1118,"column":22}},"1118":{"start":{"line":1119,"column":0},"end":{"line":1119,"column":66}},"1119":{"start":{"line":1120,"column":0},"end":{"line":1120,"column":63}},"1120":{"start":{"line":1121,"column":0},"end":{"line":1121,"column":26}},"1121":{"start":{"line":1122,"column":0},"end":{"line":1122,"column":8}},"1123":{"start":{"line":1124,"column":0},"end":{"line":1124,"column":21}},"1124":{"start":{"line":1125,"column":0},"end":{"line":1125,"column":62}},"1125":{"start":{"line":1126,"column":0},"end":{"line":1126,"column":84}},"1126":{"start":{"line":1127,"column":0},"end":{"line":1127,"column":5}},"1127":{"start":{"line":1128,"column":0},"end":{"line":1128,"column":4}},"1129":{"start":{"line":1130,"column":0},"end":{"line":1130,"column":41}},"1130":{"start":{"line":1131,"column":0},"end":{"line":1131,"column":37}},"1132":{"start":{"line":1133,"column":0},"end":{"line":1133,"column":43}},"1133":{"start":{"line":1134,"column":0},"end":{"line":1134,"column":41}},"1134":{"start":{"line":1135,"column":0},"end":{"line":1135,"column":71}},"1135":{"start":{"line":1136,"column":0},"end":{"line":1136,"column":6}},"1136":{"start":{"line":1137,"column":0},"end":{"line":1137,"column":76}},"1138":{"start":{"line":1139,"column":0},"end":{"line":1139,"column":78}},"1139":{"start":{"line":1140,"column":0},"end":{"line":1140,"column":28}},"1140":{"start":{"line":1141,"column":0},"end":{"line":1141,"column":121}},"1142":{"start":{"line":1143,"column":0},"end":{"line":1143,"column":34}},"1143":{"start":{"line":1144,"column":0},"end":{"line":1144,"column":44}},"1144":{"start":{"line":1145,"column":0},"end":{"line":1145,"column":50}},"1145":{"start":{"line":1146,"column":0},"end":{"line":1146,"column":36}},"1146":{"start":{"line":1147,"column":0},"end":{"line":1147,"column":63}},"1147":{"start":{"line":1148,"column":0},"end":{"line":1148,"column":62}},"1148":{"start":{"line":1149,"column":0},"end":{"line":1149,"column":54}},"1149":{"start":{"line":1150,"column":0},"end":{"line":1150,"column":40}},"1150":{"start":{"line":1151,"column":0},"end":{"line":1151,"column":57}},"1151":{"start":{"line":1152,"column":0},"end":{"line":1152,"column":61}},"1152":{"start":{"line":1153,"column":0},"end":{"line":1153,"column":51}},"1153":{"start":{"line":1154,"column":0},"end":{"line":1154,"column":36}},"1154":{"start":{"line":1155,"column":0},"end":{"line":1155,"column":57}},"1155":{"start":{"line":1156,"column":0},"end":{"line":1156,"column":9}},"1156":{"start":{"line":1157,"column":0},"end":{"line":1157,"column":9}},"1157":{"start":{"line":1158,"column":0},"end":{"line":1158,"column":20}},"1158":{"start":{"line":1159,"column":0},"end":{"line":1159,"column":5}},"1160":{"start":{"line":1161,"column":0},"end":{"line":1161,"column":34}},"1161":{"start":{"line":1162,"column":0},"end":{"line":1162,"column":43}},"1162":{"start":{"line":1163,"column":0},"end":{"line":1163,"column":50}},"1163":{"start":{"line":1164,"column":0},"end":{"line":1164,"column":36}},"1164":{"start":{"line":1165,"column":0},"end":{"line":1165,"column":63}},"1165":{"start":{"line":1166,"column":0},"end":{"line":1166,"column":54}},"1166":{"start":{"line":1167,"column":0},"end":{"line":1167,"column":40}},"1167":{"start":{"line":1168,"column":0},"end":{"line":1168,"column":76}},"1168":{"start":{"line":1169,"column":0},"end":{"line":1169,"column":36}},"1169":{"start":{"line":1170,"column":0},"end":{"line":1170,"column":76}},"1170":{"start":{"line":1171,"column":0},"end":{"line":1171,"column":9}},"1171":{"start":{"line":1172,"column":0},"end":{"line":1172,"column":9}},"1172":{"start":{"line":1173,"column":0},"end":{"line":1173,"column":20}},"1173":{"start":{"line":1174,"column":0},"end":{"line":1174,"column":5}},"1175":{"start":{"line":1176,"column":0},"end":{"line":1176,"column":50}},"1176":{"start":{"line":1177,"column":0},"end":{"line":1177,"column":101}},"1177":{"start":{"line":1178,"column":0},"end":{"line":1178,"column":31}},"1178":{"start":{"line":1179,"column":0},"end":{"line":1179,"column":35}},"1181":{"start":{"line":1182,"column":0},"end":{"line":1182,"column":60}},"1182":{"start":{"line":1183,"column":0},"end":{"line":1183,"column":17}},"1185":{"start":{"line":1186,"column":0},"end":{"line":1186,"column":9}},"1186":{"start":{"line":1187,"column":0},"end":{"line":1187,"column":43}},"1187":{"start":{"line":1188,"column":0},"end":{"line":1188,"column":70}},"1188":{"start":{"line":1189,"column":0},"end":{"line":1189,"column":19}},"1189":{"start":{"line":1190,"column":0},"end":{"line":1190,"column":72}},"1190":{"start":{"line":1191,"column":0},"end":{"line":1191,"column":5}},"1191":{"start":{"line":1192,"column":0},"end":{"line":1192,"column":4}},"1193":{"start":{"line":1194,"column":0},"end":{"line":1194,"column":59}},"1194":{"start":{"line":1195,"column":0},"end":{"line":1195,"column":9}},"1195":{"start":{"line":1196,"column":0},"end":{"line":1196,"column":27}},"1197":{"start":{"line":1198,"column":0},"end":{"line":1198,"column":42}},"1198":{"start":{"line":1199,"column":0},"end":{"line":1199,"column":38}},"1199":{"start":{"line":1200,"column":0},"end":{"line":1200,"column":51}},"1200":{"start":{"line":1201,"column":0},"end":{"line":1201,"column":42}},"1201":{"start":{"line":1202,"column":0},"end":{"line":1202,"column":35}},"1202":{"start":{"line":1203,"column":0},"end":{"line":1203,"column":79}},"1203":{"start":{"line":1204,"column":0},"end":{"line":1204,"column":53}},"1204":{"start":{"line":1205,"column":0},"end":{"line":1205,"column":12}},"1205":{"start":{"line":1206,"column":0},"end":{"line":1206,"column":11}},"1206":{"start":{"line":1207,"column":0},"end":{"line":1207,"column":58}},"1207":{"start":{"line":1208,"column":0},"end":{"line":1208,"column":35}},"1208":{"start":{"line":1209,"column":0},"end":{"line":1209,"column":48}},"1209":{"start":{"line":1210,"column":0},"end":{"line":1210,"column":14}},"1211":{"start":{"line":1212,"column":0},"end":{"line":1212,"column":71}},"1214":{"start":{"line":1215,"column":0},"end":{"line":1215,"column":68}},"1215":{"start":{"line":1216,"column":0},"end":{"line":1216,"column":60}},"1216":{"start":{"line":1217,"column":0},"end":{"line":1217,"column":91}},"1217":{"start":{"line":1218,"column":0},"end":{"line":1218,"column":18}},"1218":{"start":{"line":1219,"column":0},"end":{"line":1219,"column":26}},"1219":{"start":{"line":1220,"column":0},"end":{"line":1220,"column":35}},"1220":{"start":{"line":1221,"column":0},"end":{"line":1221,"column":12}},"1221":{"start":{"line":1222,"column":0},"end":{"line":1222,"column":11}},"1223":{"start":{"line":1224,"column":0},"end":{"line":1224,"column":52}},"1226":{"start":{"line":1227,"column":0},"end":{"line":1227,"column":
[...]
:0},"end":{"line":27,"column":65}},"27":{"start":{"line":28,"column":0},"end":{"line":28,"column":55}},"28":{"start":{"line":29,"column":0},"end":{"line":29,"column":48}},"29":{"start":{"line":30,"column":0},"end":{"line":30,"column":49}},"30":{"start":{"line":31,"column":0},"end":{"line":31,"column":57}},"31":{"start":{"line":32,"column":0},"end":{"line":32,"column":47}},"32":{"start":{"line":33,"column":0},"end":{"line":33,"column":3}},"33":{"start":{"line":34,"column":0},"end":{"line":34,"column":0}},"34":{"start":{"line":35,"column":0},"end":{"line":35,"column":3}},"35":{"start":{"line":36,"column":0},"end":{"line":36,"column":30}},"36":{"start":{"line":37,"column":0},"end":{"line":37,"column":42}},"37":{"start":{"line":38,"column":0},"end":{"line":38,"column":51}},"38":{"start":{"line":39,"column":0},"end":{"line":39,"column":50}},"39":{"start":{"line":40,"column":0},"end":{"line":40,"column":60}},"40":{"start":{"line":41,"column":0},"end":{"line":41,"column":91}},"41":{"start":{"line":42,"column":0},"end":{"line":42,"column":68}},"42":{"start":{"line":43,"column":0},"end":{"line":43,"column":3}},"43":{"start":{"line":44,"column":0},"end":{"line":44,"column":0}},"44":{"start":{"line":45,"column":0},"end":{"line":45,"column":3}},"45":{"start":{"line":46,"column":0},"end":{"line":46,"column":26}},"46":{"start":{"line":47,"column":0},"end":{"line":47,"column":44}},"47":{"start":{"line":48,"column":0},"end":{"line":48,"column":51}},"48":{"start":{"line":49,"column":0},"end":{"line":49,"column":52}},"49":{"start":{"line":50,"column":0},"end":{"line":50,"column":43}},"50":{"start":{"line":51,"column":0},"end":{"line":51,"column":50}},"51":{"start":{"line":52,"column":0},"end":{"line":52,"column":58}},"52":{"start":{"line":53,"column":0},"end":{"line":53,"column":71}},"53":{"start":{"line":54,"column":0},"end":{"line":54,"column":56}},"54":{"start":{"line":55,"column":0},"end":{"line":55,"column":57}},"55":{"start":{"line":56,"column":0},"end":{"line":56,"column":59}},"56":{"start":{"line":57,"column":0},"end":{"line":57,"column":54}},"57":{"start":{"line":58,"column":0},"end":{"line":58,"column":57}},"58":{"start":{"line":59,"column":0},"end":{"line":59,"column":67}},"59":{"start":{"line":60,"column":0},"end":{"line":60,"column":35}},"60":{"start":{"line":61,"column":0},"end":{"line":61,"column":53}},"61":{"start":{"line":62,"column":0},"end":{"line":62,"column":3}},"62":{"start":{"line":63,"column":0},"end":{"line":63,"column":0}},"63":{"start":{"line":64,"column":0},"end":{"line":64,"column":3}},"64":{"start":{"line":65,"column":0},"end":{"line":65,"column":32}},"65":{"start":{"line":66,"column":0},"end":{"line":66,"column":53}},"66":{"start":{"line":67,"column":0},"end":{"line":67,"column":57}},"67":{"start":{"line":68,"column":0},"end":{"line":68,"column":44}},"68":{"start":{"line":69,"column":0},"end":{"line":69,"column":3}},"69":{"start":{"line":70,"column":0},"end":{"line":70,"column":0}},"70":{"start":{"line":71,"column":0},"end":{"line":71,"column":3}},"71":{"start":{"line":72,"column":0},"end":{"line":72,"column":28}},"72":{"start":{"line":73,"column":0},"end":{"line":73,"column":54}},"73":{"start":{"line":74,"column":0},"end":{"line":74,"column":60}},"74":{"start":{"line":75,"column":0},"end":{"line":75,"column":51}},"75":{"start":{"line":76,"column":0},"end":{"line":76,"column":3}},"76":{"start":{"line":77,"column":0},"end":{"line":77,"column":0}},"77":{"start":{"line":78,"column":0},"end":{"line":78,"column":10}}},"s":{"0":0,"1":0,"2":0,"3":0,"4":0,"5":0,"6":0,"7":0,"8":0,"9":0,"10":0,"11":0,"12":0,"13":0,"14":0,"15":0,"16":0,"17":0,"18":0,"19":0,"20":0,"21":0,"22":0,"23":0,"24":0,"25":0,"26":0,"27":0,"28":0,"29":0,"30":0,"31":0,"32":0,"33":0,"34":0,"35":0,"36":0,"37":0,"38":0,"39":0,"40":0,"41":0,"42":0,"43":0,"44":0,"45":0,"46":0,"47":0,"48":0,"49":0,"50":0,"51":0,"52":0,"53":0,"54":0,"55":0,"56":0,"57":0,"58":0,"59":0,"60":0,"61":0,"62":0,"63":0,"64":0,"65":0,"66":0,"67":0,"68":0,"69":0,"70":0,"71":0,"72":0,"73":0,"74":0,"75":0,"76":0,"77":0},"branchMap":{"0":{"type":"branch","line":1,"loc":{"start":{"line":1,"column":0},"end":{"line":78,"column":10}},"locations":[{"start":{"line":1,"column":0},"end":{"line":78,"column":10}}]}},"b":{"0":[0]},"fnMap":{"0":{"name":"(empty-report)","decl":{"start":{"line":1,"column":0},"end":{"line":78,"column":10}},"loc":{"start":{"line":1,"column":0},"end":{"line":78,"column":10}},"line":1}},"f":{"0":0}}
,"/Users/orioncorp/stock-easy-app/stock-easy-app/src/utils/calculations.js": {"path":"/Users/orioncorp/stock-easy-app/stock-easy-app/src/utils/calculations.js","all":false,"statementMap":{"0":{"start":{"line":1,"column":0},"end":{"line":1,"column":3}},"1":{"start":{"line":2,"column":0},"end":{"line":2,"column":45}},"2":{"start":{"line":3,"column":0},"end":{"line":3,"column":3}},"3":{"start":{"line":4,"column":0},"end":{"line":4,"column":58}},"4":{"start":{"line":5,"column":0},"end":{"line":5,"column":46}},"5":{"start":{"line":6,"column":0},"end":{"line":6,"column":54}},"6":{"start":{"line":7,"column":0},"end":{"line":7,"column":10}},"7":{"start":{"line":8,"column":0},"end":{"line":8,"column":2}},"8":{"start":{"line":9,"column":0},"end":{"line":9,"column":106}},"9":{"start":{"line":10,"column":0},"end":{"line":10,"column":34}},"10":{"start":{"line":11,"column":0},"end":{"line":11,"column":45}},"11":{"start":{"line":12,"column":0},"end":{"line":12,"column":2}},"12":{"start":{"line":13,"column":0},"end":{"line":13,"column":31}},"13":{"start":{"line":14,"column":0},"end":{"line":14,"column":29}},"14":{"start":{"line":15,"column":0},"end":{"line":15,"column":2}},"15":{"start":{"line":16,"column":0},"end":{"line":16,"column":36}},"16":{"start":{"line":17,"column":0},"end":{"line":17,"column":28}},"17":{"start":{"line":18,"column":0},"end":{"line":18,"column":85}},"18":{"start":{"line":19,"column":0},"end":{"line":19,"column":49}},"19":{"start":{"line":20,"column":0},"end":{"line":20,"column":29}},"20":{"start":{"line":21,"column":0},"end":{"line":21,"column":72}},"21":{"start":{"line":22,"column":0},"end":{"line":22,"column":41}},"22":{"start":{"line":23,"column":0},"end":{"line":23,"column":10}},"23":{"start":{"line":24,"column":0},"end":{"line":24,"column":29}},"24":{"start":{"line":25,"column":0},"end":{"line":25,"column":108}},"25":{"start":{"line":26,"column":0},"end":{"line":26,"column":3}},"26":{"start":{"line":27,"column":0},"end":{"line":27,"column":2}},"27":{"start":{"line":28,"column":0},"end":{"line":28,"column":52}},"28":{"start":{"line":29,"column":0},"end":{"line":29,"column":2}},"29":{"start":{"line":30,"column":0},"end":{"line":30,"column":10}},"30":{"start":{"line":31,"column":0},"end":{"line":31,"column":15}},"31":{"start":{"line":32,"column":0},"end":{"line":32,"column":16}},"32":{"start":{"line":33,"column":0},"end":{"line":33,"column":18}},"33":{"start":{"line":34,"column":0},"end":{"line":34,"column":17}},"34":{"start":{"line":35,"column":0},"end":{"line":35,"column":51}},"35":{"start":{"line":36,"column":0},"end":{"line":36,"column":19}},"36":{"start":{"line":37,"column":0},"end":{"line":37,"column":4}},"37":{"start":{"line":38,"column":0},"end":{"line":38,"column":2}},"39":{"start":{"line":40,"column":0},"end":{"line":40,"column":3}},"40":{"start":{"line":41,"column":0},"end":{"line":41,"column":42}},"41":{"start":{"line":42,"column":0},"end":{"line":42,"column":3}},"42":{"start":{"line":43,"column":0},"end":{"line":43,"column":51}},"43":{"start":{"line":44,"column":0},"end":{"line":44,"column":49}},"44":{"start":{"line":45,"column":0},"end":{"line":45,"column":46}},"45":{"start":{"line":46,"column":0},"end":{"line":46,"column":82}},"46":{"start":{"line":47,"column":0},"end":{"line":47,"column":2}},"47":{"start":{"line":48,"column":0},"end":{"line":48,"column":81}},"48":{"start":{"line":49,"column":0},"end":{"line":49,"column":2}}},"s":{"0":1,"1":1,"2":1,"3":1,"4":3,"5":3,"6":3,"7":3,"8":3,"9":3,"10":3,"11":3,"12":3,"13":3,"14":3,"15":3,"16":1,"17":1,"18":3,"19":0,"20":0,"21":0,"22":2,"23":2,"24":2,"25":2,"26":3,"27":3,"28":3,"29":3,"30":3,"31":3,"32":3,"33":3,"34":3,"35":3,"36":3,"37":3,"39":1,"40":1,"41":1,"42":1,"43":1,"44":1,"45":1,"46":1,"47":1,"48":1},"branchMap":{"0":{"type":"branch","line":4,"loc":{"start":{"line":4,"column":32},"end":{"line":38,"column":2}},"locations":[{"start":{"line":4,"column":32},"end":{"line":38,"column":2}}]},"1":{"type":"branch","line":6,"loc":{"start":{"line":6,"column":4},"end":{"line":6,"column":53}},"locations":[{"start":{"line":6,"column":4},"end":{"line":6,"column":53}}]},"2":{"type":"branch","line":7,"loc":{"start":{"line":7,"column":4},"end":{"line":7,"column":9}},"locations":[{"start":{"line":7,"column":4},"end":{"line":7,"column":9}}]},"3":{"type":"branch","line":9,"loc":{"start":{"line":9,"column":66},"end":{"line":9,"column":105}},"locations":[{"start":{"line":9,"column":66},"end":{"line":9,"column":105}}]},"4":{"type":"branch","line":10,"loc":{"start":{"line":10,"column":4},"end":{"line":10,"column":33}},"locations":[{"start":{"line":10,"column":4},"end":{"line":10,"column":33}}]},"5":{"type":"branch","line":16,"loc":{"start":{"line":16,"column":35},"end":{"line":19,"column":3}},"locations":[{"start":{"line":16,"column":35},"end":{"line":19,"column":3}}]},"6":{"type":"branch","line":19,"loc":{"start":{"line":19,"column":3},"end":{"line":26,"column":3}},"locations":[{"start":{"line":19,"column":3},"end":{"line":26,"column":3}}]},"7":{"type":"branch","line":19,"loc":{"start":{"line":19,"column":48},"end":{"line":23,"column":3}},"locations":[{"start":{"line":19,"column":48},"end":{"line":23,"column":3}}]},"8":{"type":"branch","line":43,"loc":{"start":{"line":43,"column":37},"end":{"line":49,"column":2}},"locations":[{"start":{"line":43,"column":37},"end":{"line":49,"column":2}}]},"9":{"type":"branch","line":44,"loc":{"start":{"line":44,"column":44},"end":{"line":44,"column":48}},"locations":[{"start":{"line":44,"column":44},"end":{"line":44,"column":48}}]},"10":{"type":"branch","line":45,"loc":{"start":{"line":45,"column":40},"end":{"line":45,"column":45}},"locations":[{"start":{"line":45,"column":40},"end":{"line":45,"column":45}}]},"11":{"type":"branch","line":46,"loc":{"start":{"line":46,"column":52},"end":{"line":46,"column":81}},"locations":[{"start":{"line":46,"column":52},"end":{"line":46,"column":81}}]}},"b":{"0":[3],"1":[2],"2":[1],"3":[0],"4":[0],"5":[1],"6":[2],"7":[0],"8":[1],"9":[0],"10":[0],"11":[0]},"fnMap":{"0":{"name":"calculateMetrics","decl":{"start":{"line":4,"column":32},"end":{"line":38,"column":2}},"loc":{"start":{"line":4,"column":32},"end":{"line":38,"column":2}},"line":4},"1":{"name":"calculateReorderPoint","decl":{"start":{"line":43,"column":37},"end":{"line":49,"column":2}},"loc":{"start":{"line":43,"column":37},"end":{"line":49,"column":2}},"line":43}},"f":{"0":3,"1":1}}
,"/Users/orioncorp/stock-easy-app/stock-easy-app/src/utils/constants.js": {"path":"/Users/orioncorp/stock-easy-app/stock-easy-app/src/utils/constants.js","all":true,"statementMap":{"0":{"start":{"line":1,"column":0},"end":{"line":1,"column":29}},"1":{"start":{"line":2,"column":0},"end":{"line":2,"column":17}},"2":{"start":{"line":3,"column":0},"end":{"line":3,"column":25}},"3":{"start":{"line":4,"column":0},"end":{"line":4,"column":25}},"4":{"start":{"line":5,"column":0},"end":{"line":5,"column":21}},"5":{"start":{"line":6,"column":0},"end":{"line":6,"column":25}},"6":{"start":{"line":7,"column":0},"end":{"line":7,"column":25}},"7":{"start":{"line":8,"column":0},"end":{"line":8,"column":2}},"9":{"start":{"line":10,"column":0},"end":{"line":10,"column":36}},"10":{"start":{"line":11,"column":0},"end":{"line":11,"column":36}},"11":{"start":{"line":12,"column":0},"end":{"line":12,"column":40}},"12":{"start":{"line":13,"column":0},"end":{"line":13,"column":45}},"13":{"start":{"line":14,"column":0},"end":{"line":14,"column":37}},"14":{"start":{"line":15,"column":0},"end":{"line":15,"column":37}},"15":{"start":{"line":16,"column":0},"end":{"line":16,"column":38}},"16":{"start":{"line":17,"column":0},"end":{"line":17,"column":2}},"18":{"start":{"line":19,"column":0},"end":{"line":19,"column":30}},"19":{"start":{"line":20,"column":0},"end":{"line":20,"column":21}},"20":{"start":{"line":21,"column":0},"end":{"line":21,"column":21}},"21":{"start":{"line":22,"column":0},"end":{"line":22,"column":19}},"22":{"start":{"line":23,"column":0},"end":{"line":23,"column":2}},"24":{"start":{"line":25,"column":0},"end":{"line":25,"column":37}},"25":{"start":{"line":26,"column":0},"end":{"line":26,"column":28}},"26":{"start":{"line":27,"column":0},"end":{"line":27,"column":24}},"27":{"start":{"line":28,"column":0},"end":{"line":28,"column":29}},"28":{"start":{"line":29,"column":0},"end":{"line":29,"column":33}},"29":{"start":{"line":30,"column":0},"end":{"line":30,"column":26}},"30":{"start":{"line":31,"column":0},"end":{"line":31,"column":4}},"31":{"start":{"line":32,"column":0},"end":{"line":32,"column":28}},"32":{"start":{"line":33,"column":0},"end":{"line":33,"column":24}},"33":{"start":{"line":34,"column":0},"end":{"line":34,"column":29}},"34":{"start":{"line":35,"column":0},"end":{"line":35,"column":33}},"35":{"start":{"line":36,"column":0},"end":{"line":36,"column":26}},"36":{"start":{"line":37,"column":0},"end":{"line":37,"column":4}},"37":{"start":{"line":38,"column":0},"end":{"line":38,"column":27}},"38":{"start":{"line":39,"column":0},"end":{"line":39,"column":23}},"39":{"start":{"line":40,"column":0},"end":{"line":40,"column":28}},"40":{"start":{"line":41,"column":0},"end":{"line":41,"column":32}},"41":{"start":{"line":42,"column":0},"end":{"line":42,"column":25}},"42":{"start":{"line":43,"column":0},"end":{"line":43,"column":4}},"43":{"start":{"line":44,"column":0},"end":{"line":44,"column":2}},"45":{"start":{"line":46,"column":0},"end":{"line":46,"column":25}},"46":{"start":{"line":47,"column":0},"end":{"line":47,"column":149}},"47":{"start":{"line":48,"column":0},"end":{"line":48,"column":149}},"48":{"start":{"line":49,"column":0},"end":{"line":49,"column":161}},"49":{"start":{"line":50,"column":0},"end":{"line":50,"column":151}},"50":{"start":{"line":51,"column":0},"end":{"line":51,"column":159}},"51":{"start":{"line":52,"column":0},"end":{"line":52,"column":197}},"52":{"start":{"line":53,"column":0},"end":{"line":53,"column":174}},"53":{"start":{"line":54,"column":0},"end":{"line":54,"column":138}},"54":{"start":{"line":55,"column":0},"end":{"line":55,"column":103}},"55":{"start":{"line":56,"column":0},"end":{"line":56,"column":91}},"56":{"start":{"line":57,"column":0},"end":{"line":57,"column":100}},"57":{"start":{"line":58,"column":0},"end":{"line":58,"column":2}}},"s":{"0":0,"1":0,"2":0,"3":0,"4":0,"5":0,"6":0,"7":0,"9":0,"10":0,"11":0,"12":0,"13":0,"14":0,"15":0,"16":0,"18":0,"19":0,"20":0,"21":0,"22":0,"24":0,"25":0,"26":0,"27":0,"28":0,"29":0,"30":0,"31":0,"32":0,"33":0,"34":0,"35":0,"36":0,"37":0,"38":0,"39":0,"40":0,"41":0,"42":0,"43":0,"45":0,"46":0,"47":0,"48":0,"49":0,"50":0,"51":0,"52":0,"53":0,"54":0,"55":0,"56":0,"57":0},"branchMap":{"0":{"type":"branch","line":1,"loc":{"start":{"line":1,"column":7},"end":{"line":58,"column":-519}},"locations":[{"start":{"line":1,"column":7},"end":{"line":58,"column":-519}}]}},"b":{"0":[0]},"fnMap":{"0":{"name":"(empty-report)","decl":{"start":{"line":1,"column":7},"end":{"line":58,"column":-519}},"loc":{"start":{"line":1,"column":7},"end":{"line":58,"column":-519}},"line":1}},"f":{"0":0}}
,"/Users/orioncorp/stock-easy-app/stock-easy-app/src/utils/formatting.js": {"path":"/Users/orioncorp/stock-easy-app/stock-easy-app/src/utils/formatting.js","all":true,"statementMap":{"0":{"start":{"line":1,"column":0},"end":{"line":1,"column":3}},"1":{"start":{"line":2,"column":0},"end":{"line":2,"column":36}},"2":{"start":{"line":3,"column":0},"end":{"line":3,"column":3}},"3":{"start":{"line":4,"column":0},"end":{"line":4,"column":54}},"4":{"start":{"line":5,"column":0},"end":{"line":5,"column":28}},"5":{"start":{"line":6,"column":0},"end":{"line":6,"column":2}},"6":{"start":{"line":7,"column":0},"end":{"line":7,"column":7}},"7":{"start":{"line":8,"column":0},"end":{"line":8,"column":35}},"8":{"start":{"line":9,"column":0},"end":{"line":9,"column":4}},"9":{"start":{"line":10,"column":0},"end":{"line":10,"column":32}},"10":{"start":{"line":11,"column":0},"end":{"line":11,"column":59}},"11":{"start":{"line":12,"column":0},"end":{"line":12,"column":29}},"12":{"start":{"line":13,"column":0},"end":{"line":13,"column":5}},"13":{"start":{"line":14,"column":0},"end":{"line":14,"column":4}},"14":{"start":{"line":15,"column":0},"end":{"line":15,"column":45}},"15":{"start":{"line":16,"column":0},"end":{"line":16,"column":21}},"16":{"start":{"line":17,"column":0},"end":{"line":17,"column":20}},"17":{"start":{"line":18,"column":0},"end":{"line":18,"column":22}},"18":{"start":{"line":19,"column":0},"end":{"line":19,"column":16}},"19":{"start":{"line":20,"column":0},"end":{"line":20,"column":7}},"20":{"start":{"line":21,"column":0},"end":{"line":21,"column":19}},"21":{"start":{"line":22,"column":0},"end":{"line":22,"column":75}},"22":{"start":{"line":23,"column":0},"end":{"line":23,"column":28}},"23":{"start":{"line":24,"column":0},"end":{"line":24,"column":3}},"24":{"start":{"line":25,"column":0},"end":{"line":25,"column":2}},"26":{"start":{"line":27,"column":0},"end":{"line":27,"column":3}},"27":{"start":{"line":28,"column":0},"end":{"line":28,"column":31}},"28":{"start":{"line":29,"column":0},"end":{"line":29,"column":3}},"29":{"start":{"line":30,"column":0},"end":{"line":30,"column":61}},"30":{"start":{"line":31,"column":0},"end":{"line":31,"column":41}},"31":{"start":{"line":32,"column":0},"end":{"line":32,"column":22}},"32":{"start":{"line":33,"column":0},"end":{"line":33,"column":23}},"33":{"start":{"line":34,"column":0},"end":{"line":34,"column":20}},"34":{"start":{"line":35,"column":0},"end":{"line":35,"column":2}},"36":{"start":{"line":37,"column":0},"end":{"line":37,"column":3}},"37":{"start":{"line":38,"column":0},"end":{"line":38,"column":41}},"38":{"start":{"line":39,"column":0},"end":{"line":39,"column":3}},"39":{"start":{"line":40,"column":0},"end":{"line":40,"column":55}},"40":{"start":{"line":41,"column":0},"end":{"line":41,"column":41}},"41":{"start":{"line":42,"column":0},"end":{"line":42,"column":36}},"42":{"start":{"line":43,"column":0},"end":{"line":43,"column":36}},"43":{"start":{"line":44,"column":0},"end":{"line":44,"column":20}},"44":{"start":{"line":45,"column":0},"end":{"line":45,"column":2}}},"s":{"0":0,"1":0,"2":0,"3":0,"4":0,"5":0,"6":0,"7":0,"8":0,"9":0,"10":0,"11":0,"12":0,"13":0,"14":0,"15":0,"16":0,"17":0,"18":0,"19":0,"20":0,"21":0,"22":0,"23":0,"24":0,"26":0,"27":0,"28":0,"29":0,"30":0,"31":0,"32":0,"33":0,"34":0,"36":0,"37":0,"38":0,"39":0,"40":0,"41":0,"42":0,"43":0,"44":0},"branchMap":{"0":{"type":"branch","line":1,"loc":{"start":{"line":1,"column":1046},"end":{"line":45,"column":2}},"locations":[{"start":{"line":1,"column":1046},"end":{"line":45,"column":2}}]}},"b":{"0":[0]},"fnMap":{"0":{"name":"(empty-report)","decl":{"start":{"line":1,"column":1046},"end":{"line":45,"column":2}},"loc":{"start":{"line":1,"column":1046},"end":{"line":45,"column":2}},"line":1}},"f":{"0":0}}
,"/Users/orioncorp/stock-easy-app/stock-easy-app/src/utils/index.js": {"path":"/Users/orioncorp/stock-easy-app/stock-easy-app/src/utils/index.js","all":true,"statementMap":{"0":{"start":{"line":1,"column":0},"end":{"line":1,"column":31}},"1":{"start":{"line":2,"column":0},"end":{"line":2,"column":29}},"2":{"start":{"line":3,"column":0},"end":{"line":3,"column":28}}},"s":{"0":0,"1":0,"2":0},"branchMap":{"0":{"type":"branch","line":1,"loc":{"start":{"line":1,"column":90},"end":{"line":3,"column":28}},"locations":[{"start":{"line":1,"column":90},"end":{"line":3,"column":28}}]}},"b":{"0":[0]},"fnMap":{"0":{"name":"(empty-report)","decl":{"start":{"line":1,"column":90},"end":{"line":3,"column":28}},"loc":{"start":{"line":1,"column":90},"end":{"line":3,"column":28}},"line":1}},"f":{"0":0}}
}
